<?xml version="1.0" encoding="UTF-8"?>
<testsuites name="SM-LOGIN" time="181.867" tests="8" failures="0" errors="0">
   <testsuite name="SM-LOGIN" tests="8" failures="0" errors="0" time="181.867" skipped="0" timestamp="2023-08-13 12:21:49" hostname="rizky - rizkyisya" id="Test Suites/Platform Mobile/SM-LOGIN">
      <properties>
         <property name="deviceName" value="emulator-5554 (sdk_gphone64_x86_64 - Android 14)"/>
         <property name="devicePlatform" value=""/>
         <property name="logFolder" value="C:\\Users\\rizky\\git\\tim2_katalonfinalproject\\Reports\\20230813_122148\\Platform Mobile\\SM-LOGIN\\20230813_122148"/>
         <property name="logFiles" value="C:\\Users\\rizky\\git\\tim2_katalonfinalproject\\Reports\\20230813_122148\\Platform Mobile\\SM-LOGIN\\20230813_122148\\appium.log, C:\\Users\\rizky\\git\\tim2_katalonfinalproject\\Reports\\20230813_122148\\Platform Mobile\\SM-LOGIN\\20230813_122148\\execution0.log"/>
         <property name="attachments" value="C:\\Users\\rizky\\git\\tim2_katalonfinalproject\\Reports\\20230813_122148\\Platform Mobile\\SM-LOGIN\\20230813_122148\\1691904146444.png, C:\\Users\\rizky\\git\\tim2_katalonfinalproject\\Reports\\20230813_122148\\Platform Mobile\\SM-LOGIN\\20230813_122148\\1691904168772.png, C:\\Users\\rizky\\git\\tim2_katalonfinalproject\\Reports\\20230813_122148\\Platform Mobile\\SM-LOGIN\\20230813_122148\\1691904190760.png, C:\\Users\\rizky\\git\\tim2_katalonfinalproject\\Reports\\20230813_122148\\Platform Mobile\\SM-LOGIN\\20230813_122148\\1691904210522.png, C:\\Users\\rizky\\git\\tim2_katalonfinalproject\\Reports\\20230813_122148\\Platform Mobile\\SM-LOGIN\\20230813_122148\\1691904230727.png, C:\\Users\\rizky\\git\\tim2_katalonfinalproject\\Reports\\20230813_122148\\Platform Mobile\\SM-LOGIN\\20230813_122148\\1691904251462.png, C:\\Users\\rizky\\git\\tim2_katalonfinalproject\\Reports\\20230813_122148\\Platform Mobile\\SM-LOGIN\\20230813_122148\\1691904271089.png, C:\\Users\\rizky\\git\\tim2_katalonfinalproject\\Reports\\20230813_122148\\Platform Mobile\\SM-LOGIN\\20230813_122148\\1691904290326.png"/>
         <property name="hostName" value="rizky - rizkyisya"/>
         <property name="os" value="Windows 11 64bit"/>
         <property name="appiumServerStatus" value="{&quot;value&quot;:{&quot;build&quot;:{&quot;version&quot;:&quot;1.22.3&quot;}},&quot;sessionId&quot;:null,&quot;status&quot;:0}"/>
         <property name="katalonVersion" value="8.6.5.208"/>
         <property name="deviceOS" value="Android"/>
         <property name="appiumVersion" value="1.22.3"/>
         <property name="deviceModel" value="sdk_gphone64_x86_64"/>
         <property name="hostAddress" value="192.168.1.8"/>
         <property name="deviceManufacturer" value="Google"/>
         <property name="deviceId" value="emulator-5554"/>
         <property name="deviceName" value="emulator-5554 (sdk_gphone64_x86_64 - Android 14)"/>
         <property name="deviceOSVersion" value="14"/>
      </properties>
      <testcase name="Test Cases/Mobile/SM-Login/SM-LOG01" time="38.063" classname="Test Cases/Mobile/SM-Login/SM-LOG01" status="PASSED">
         <system-out><![CDATA[2023-08-13 12:21:49 - [TEST_CASE][PASSED] - Test Cases/Mobile/SM-Login/SM-LOG01: Test Cases/Mobile/SM-Login/SM-LOG01

2023-08-13 12:21:50 - [TEST_STEP][PASSED] - startApplication("C:\Users\rizky\Downloads\DemoAppV2.apk", true): Started app at: 'C:\Users\rizky\Downloads\DemoAppV2.apk'

2023-08-13 12:21:50 - [MESSAGE][INFO] - Detected NodeJS location: "C:\Program Files\nodejs\node.exe"

2023-08-13 12:21:51 - [MESSAGE][INFO] - Appium server started on port 51,506

2023-08-13 12:22:15 - [MESSAGE][PASSED] - Started app at: 'C:\Users\rizky\Downloads\DemoAppV2.apk'

2023-08-13 12:22:15 - [TEST_STEP][PASSED] - tap(findTestObject("Object Repository/Mobile - Login/android.widget.TextView - Login Here"), 3): Tapped on element 'Object Repository/Mobile - Login/android.widget.TextView - Login Here'

2023-08-13 12:22:17 - [MESSAGE][PASSED] - Tapped on element 'Object Repository/Mobile - Login/android.widget.TextView - Login Here'

2023-08-13 12:22:17 - [TEST_STEP][PASSED] - setText(findTestObject("Object Repository/Mobile - Login/android.widget.EditText"), "isya.katalon@gmail.com", 3): Text 'isya.katalon@gmail.com' has been set to element 'Object Repository/Mobile - Login/android.widget.EditText'

2023-08-13 12:22:19 - [MESSAGE][PASSED] - Text 'isya.katalon@gmail.com' has been set to element 'Object Repository/Mobile - Login/android.widget.EditText'

2023-08-13 12:22:19 - [TEST_STEP][PASSED] - setText(findTestObject("Object Repository/Mobile - Login/android.widget.EditText (1)"), "password", 3): Text 'password' has been set to element 'Object Repository/Mobile - Login/android.widget.EditText (1)'

2023-08-13 12:22:20 - [MESSAGE][PASSED] - Text 'password' has been set to element 'Object Repository/Mobile - Login/android.widget.EditText (1)'

2023-08-13 12:22:20 - [TEST_STEP][PASSED] - tap(findTestObject("Object Repository/Mobile - Login/android.widget.TextView - Login"), 3): Tapped on element 'Object Repository/Mobile - Login/android.widget.TextView - Login'

2023-08-13 12:22:21 - [MESSAGE][PASSED] - Tapped on element 'Object Repository/Mobile - Login/android.widget.TextView - Login'

2023-08-13 12:22:21 - [TEST_STEP][PASSED] - tap(findTestObject("Object Repository/Mobile - Login/android.widget.TextView - Profile"), 3): Tapped on element 'Object Repository/Mobile - Login/android.widget.TextView - Profile'

2023-08-13 12:22:25 - [MESSAGE][PASSED] - Tapped on element 'Object Repository/Mobile - Login/android.widget.TextView - Profile'

2023-08-13 12:22:25 - [TEST_STEP][PASSED] - getText(findTestObject("Object Repository/Mobile - Login/android.widget.TextView - isya.katalongmail.com"), 3): Text of element 'Object Repository/Mobile - Login/android.widget.TextView - isya.katalongmail.com' is: 'isya.katalon@gmail.com'

2023-08-13 12:22:26 - [MESSAGE][PASSED] - Text of element 'Object Repository/Mobile - Login/android.widget.TextView - isya.katalongmail.com' is: 'isya.katalon@gmail.com'

2023-08-13 12:22:26 - [TEST_STEP][PASSED] - takeScreenshot(): Screenshot is taken

2023-08-13 12:22:26 - [MESSAGE][PASSED] - Screenshot is taken
[[ATTACHMENT|C:\\Users\\rizky\\git\\tim2_katalonfinalproject\\Reports\\20230813_122148\\Platform Mobile\\SM-LOGIN\\20230813_122148\\1691904146444.png]]

2023-08-13 12:22:26 - [TEST_STEP][PASSED] - closeApplication(): Close app successfully

2023-08-13 12:22:27 - [MESSAGE][PASSED] - Close app successfully]]></system-out>
         <system-err><![CDATA[]]></system-err>
      </testcase>
      <testcase name="Test Cases/Mobile/SM-Login/SM-LOG03" time="22.381" classname="Test Cases/Mobile/SM-Login/SM-LOG03" status="PASSED">
         <system-out><![CDATA[2023-08-13 12:22:27 - [TEST_CASE][PASSED] - Test Cases/Mobile/SM-Login/SM-LOG03: Test Cases/Mobile/SM-Login/SM-LOG03

2023-08-13 12:22:28 - [TEST_STEP][PASSED] - startApplication("C:\Users\rizky\Downloads\DemoAppV2.apk", true): Started app at: 'C:\Users\rizky\Downloads\DemoAppV2.apk'

2023-08-13 12:22:28 - [MESSAGE][INFO] - Detected NodeJS location: "C:\Program Files\nodejs\node.exe"

2023-08-13 12:22:29 - [MESSAGE][INFO] - Appium server started on port 51,740

2023-08-13 12:22:40 - [MESSAGE][PASSED] - Started app at: 'C:\Users\rizky\Downloads\DemoAppV2.apk'

2023-08-13 12:22:40 - [TEST_STEP][PASSED] - tap(findTestObject("Object Repository/Mobile - Login/android.widget.TextView - Login Here"), 3): Tapped on element 'Object Repository/Mobile - Login/android.widget.TextView - Login Here'

2023-08-13 12:22:43 - [MESSAGE][PASSED] - Tapped on element 'Object Repository/Mobile - Login/android.widget.TextView - Login Here'

2023-08-13 12:22:43 - [TEST_STEP][PASSED] - setText(findTestObject("Object Repository/Mobile - Login/android.widget.EditText"), "isya.katalon17@gmail.com", 3): Text 'isya.katalon17@gmail.com' has been set to element 'Object Repository/Mobile - Login/android.widget.EditText'

2023-08-13 12:22:44 - [MESSAGE][PASSED] - Text 'isya.katalon17@gmail.com' has been set to element 'Object Repository/Mobile - Login/android.widget.EditText'

2023-08-13 12:22:44 - [TEST_STEP][PASSED] - setText(findTestObject("Object Repository/Mobile - Login/android.widget.EditText (1)"), "password17", 3): Text 'password17' has been set to element 'Object Repository/Mobile - Login/android.widget.EditText (1)'

2023-08-13 12:22:46 - [MESSAGE][PASSED] - Text 'password17' has been set to element 'Object Repository/Mobile - Login/android.widget.EditText (1)'

2023-08-13 12:22:46 - [TEST_STEP][PASSED] - tap(findTestObject("Object Repository/Mobile - Login/android.widget.TextView - Login"), 3): Tapped on element 'Object Repository/Mobile - Login/android.widget.TextView - Login'

2023-08-13 12:22:47 - [MESSAGE][PASSED] - Tapped on element 'Object Repository/Mobile - Login/android.widget.TextView - Login'

2023-08-13 12:22:47 - [TEST_STEP][PASSED] - getText(findTestObject("Mobile - Login/android.widget.TextView - Invalid Credential"), 3): Text of element 'Object Repository/Mobile - Login/android.widget.TextView - Invalid Credential' is: 'Invalid Credential'

2023-08-13 12:22:48 - [MESSAGE][PASSED] - Text of element 'Object Repository/Mobile - Login/android.widget.TextView - Invalid Credential' is: 'Invalid Credential'

2023-08-13 12:22:48 - [TEST_STEP][PASSED] - takeScreenshot(): Screenshot is taken

2023-08-13 12:22:49 - [MESSAGE][PASSED] - Screenshot is taken
[[ATTACHMENT|C:\\Users\\rizky\\git\\tim2_katalonfinalproject\\Reports\\20230813_122148\\Platform Mobile\\SM-LOGIN\\20230813_122148\\1691904168772.png]]

2023-08-13 12:22:49 - [TEST_STEP][PASSED] - closeApplication(): Close app successfully

2023-08-13 12:22:50 - [MESSAGE][PASSED] - Close app successfully]]></system-out>
         <system-err><![CDATA[]]></system-err>
      </testcase>
      <testcase name="Test Cases/Mobile/SM-Login/SM-LOG04" time="21.658" classname="Test Cases/Mobile/SM-Login/SM-LOG04" status="PASSED">
         <system-out><![CDATA[2023-08-13 12:22:50 - [TEST_CASE][PASSED] - Test Cases/Mobile/SM-Login/SM-LOG04: Test Cases/Mobile/SM-Login/SM-LOG04

2023-08-13 12:22:50 - [TEST_STEP][PASSED] - startApplication("C:\Users\rizky\Downloads\DemoAppV2.apk", true): Started app at: 'C:\Users\rizky\Downloads\DemoAppV2.apk'

2023-08-13 12:22:50 - [MESSAGE][INFO] - Detected NodeJS location: "C:\Program Files\nodejs\node.exe"

2023-08-13 12:22:51 - [MESSAGE][INFO] - Appium server started on port 51,957

2023-08-13 12:23:02 - [MESSAGE][PASSED] - Started app at: 'C:\Users\rizky\Downloads\DemoAppV2.apk'

2023-08-13 12:23:02 - [TEST_STEP][PASSED] - tap(findTestObject("Object Repository/Mobile - Login/android.widget.TextView - Login Here"), 3): Tapped on element 'Object Repository/Mobile - Login/android.widget.TextView - Login Here'

2023-08-13 12:23:05 - [MESSAGE][PASSED] - Tapped on element 'Object Repository/Mobile - Login/android.widget.TextView - Login Here'

2023-08-13 12:23:05 - [TEST_STEP][PASSED] - setText(findTestObject("Object Repository/Mobile - Login/android.widget.EditText"), "isya.katalon", 3): Text 'isya.katalon' has been set to element 'Object Repository/Mobile - Login/android.widget.EditText'

2023-08-13 12:23:07 - [MESSAGE][PASSED] - Text 'isya.katalon' has been set to element 'Object Repository/Mobile - Login/android.widget.EditText'

2023-08-13 12:23:07 - [TEST_STEP][PASSED] - setText(findTestObject("Object Repository/Mobile - Login/android.widget.EditText (1)"), "password", 3): Text 'password' has been set to element 'Object Repository/Mobile - Login/android.widget.EditText (1)'

2023-08-13 12:23:08 - [MESSAGE][PASSED] - Text 'password' has been set to element 'Object Repository/Mobile - Login/android.widget.EditText (1)'

2023-08-13 12:23:08 - [TEST_STEP][PASSED] - tap(findTestObject("Object Repository/Mobile - Login/android.widget.TextView - Login"), 3): Tapped on element 'Object Repository/Mobile - Login/android.widget.TextView - Login'

2023-08-13 12:23:09 - [MESSAGE][PASSED] - Tapped on element 'Object Repository/Mobile - Login/android.widget.TextView - Login'

2023-08-13 12:23:09 - [TEST_STEP][PASSED] - getText(findTestObject("Mobile - Login/android.widget.TextView - Invalid Credential"), 3): Text of element 'Object Repository/Mobile - Login/android.widget.TextView - Invalid Credential' is: 'Invalid Credential'

2023-08-13 12:23:10 - [MESSAGE][PASSED] - Text of element 'Object Repository/Mobile - Login/android.widget.TextView - Invalid Credential' is: 'Invalid Credential'

2023-08-13 12:23:10 - [TEST_STEP][PASSED] - takeScreenshot(): Screenshot is taken

2023-08-13 12:23:11 - [MESSAGE][PASSED] - Screenshot is taken
[[ATTACHMENT|C:\\Users\\rizky\\git\\tim2_katalonfinalproject\\Reports\\20230813_122148\\Platform Mobile\\SM-LOGIN\\20230813_122148\\1691904190760.png]]

2023-08-13 12:23:11 - [TEST_STEP][PASSED] - closeApplication(): Close app successfully

2023-08-13 12:23:11 - [MESSAGE][PASSED] - Close app successfully]]></system-out>
         <system-err><![CDATA[]]></system-err>
      </testcase>
      <testcase name="Test Cases/Mobile/SM-Login/SM-LOG05" time="19.905" classname="Test Cases/Mobile/SM-Login/SM-LOG05" status="PASSED">
         <system-out><![CDATA[2023-08-13 12:23:11 - [TEST_CASE][PASSED] - Test Cases/Mobile/SM-Login/SM-LOG05: Test Cases/Mobile/SM-Login/SM-LOG05

2023-08-13 12:23:12 - [TEST_STEP][PASSED] - startApplication("C:\Users\rizky\Downloads\DemoAppV2.apk", true): Started app at: 'C:\Users\rizky\Downloads\DemoAppV2.apk'

2023-08-13 12:23:12 - [MESSAGE][INFO] - Detected NodeJS location: "C:\Program Files\nodejs\node.exe"

2023-08-13 12:23:13 - [MESSAGE][INFO] - Appium server started on port 52,175

2023-08-13 12:23:22 - [MESSAGE][PASSED] - Started app at: 'C:\Users\rizky\Downloads\DemoAppV2.apk'

2023-08-13 12:23:22 - [TEST_STEP][PASSED] - tap(findTestObject("Object Repository/Mobile - Login/android.widget.TextView - Login Here"), 3): Tapped on element 'Object Repository/Mobile - Login/android.widget.TextView - Login Here'

2023-08-13 12:23:25 - [MESSAGE][PASSED] - Tapped on element 'Object Repository/Mobile - Login/android.widget.TextView - Login Here'

2023-08-13 12:23:25 - [TEST_STEP][PASSED] - setText(findTestObject("Object Repository/Mobile - Login/android.widget.EditText"), "", 3): Text '' has been set to element 'Object Repository/Mobile - Login/android.widget.EditText'

2023-08-13 12:23:27 - [MESSAGE][PASSED] - Text '' has been set to element 'Object Repository/Mobile - Login/android.widget.EditText'

2023-08-13 12:23:27 - [TEST_STEP][PASSED] - setText(findTestObject("Object Repository/Mobile - Login/android.widget.EditText (1)"), "password", 3): Text 'password' has been set to element 'Object Repository/Mobile - Login/android.widget.EditText (1)'

2023-08-13 12:23:28 - [MESSAGE][PASSED] - Text 'password' has been set to element 'Object Repository/Mobile - Login/android.widget.EditText (1)'

2023-08-13 12:23:28 - [TEST_STEP][PASSED] - tap(findTestObject("Object Repository/Mobile - Login/android.widget.TextView - Login"), 3): Tapped on element 'Object Repository/Mobile - Login/android.widget.TextView - Login'

2023-08-13 12:23:29 - [MESSAGE][PASSED] - Tapped on element 'Object Repository/Mobile - Login/android.widget.TextView - Login'

2023-08-13 12:23:29 - [TEST_STEP][PASSED] - getText(findTestObject("Mobile - Login/android.widget.TextView - Invalid Credential"), 3): Text of element 'Object Repository/Mobile - Login/android.widget.TextView - Invalid Credential' is: 'Invalid Credential'

2023-08-13 12:23:30 - [MESSAGE][PASSED] - Text of element 'Object Repository/Mobile - Login/android.widget.TextView - Invalid Credential' is: 'Invalid Credential'

2023-08-13 12:23:30 - [TEST_STEP][PASSED] - takeScreenshot(): Screenshot is taken

2023-08-13 12:23:30 - [MESSAGE][PASSED] - Screenshot is taken
[[ATTACHMENT|C:\\Users\\rizky\\git\\tim2_katalonfinalproject\\Reports\\20230813_122148\\Platform Mobile\\SM-LOGIN\\20230813_122148\\1691904210522.png]]

2023-08-13 12:23:30 - [TEST_STEP][PASSED] - closeApplication(): Close app successfully

2023-08-13 12:23:31 - [MESSAGE][PASSED] - Close app successfully]]></system-out>
         <system-err><![CDATA[]]></system-err>
      </testcase>
      <testcase name="Test Cases/Mobile/SM-Login/SM-LOG06" time="20.11" classname="Test Cases/Mobile/SM-Login/SM-LOG06" status="PASSED">
         <system-out><![CDATA[2023-08-13 12:23:31 - [TEST_CASE][PASSED] - Test Cases/Mobile/SM-Login/SM-LOG06: Test Cases/Mobile/SM-Login/SM-LOG06

2023-08-13 12:23:32 - [TEST_STEP][PASSED] - startApplication("C:\Users\rizky\Downloads\DemoAppV2.apk", true): Started app at: 'C:\Users\rizky\Downloads\DemoAppV2.apk'

2023-08-13 12:23:32 - [MESSAGE][INFO] - Detected NodeJS location: "C:\Program Files\nodejs\node.exe"

2023-08-13 12:23:33 - [MESSAGE][INFO] - Appium server started on port 52,392

2023-08-13 12:23:42 - [MESSAGE][PASSED] - Started app at: 'C:\Users\rizky\Downloads\DemoAppV2.apk'

2023-08-13 12:23:42 - [TEST_STEP][PASSED] - tap(findTestObject("Object Repository/Mobile - Login/android.widget.TextView - Login Here"), 3): Tapped on element 'Object Repository/Mobile - Login/android.widget.TextView - Login Here'

2023-08-13 12:23:45 - [MESSAGE][PASSED] - Tapped on element 'Object Repository/Mobile - Login/android.widget.TextView - Login Here'

2023-08-13 12:23:45 - [TEST_STEP][PASSED] - setText(findTestObject("Object Repository/Mobile - Login/android.widget.EditText"), "isya.katalon@gmail.com", 3): Text 'isya.katalon@gmail.com' has been set to element 'Object Repository/Mobile - Login/android.widget.EditText'

2023-08-13 12:23:46 - [MESSAGE][PASSED] - Text 'isya.katalon@gmail.com' has been set to element 'Object Repository/Mobile - Login/android.widget.EditText'

2023-08-13 12:23:47 - [TEST_STEP][PASSED] - setText(findTestObject("Object Repository/Mobile - Login/android.widget.EditText (1)"), "", 3): Text '' has been set to element 'Object Repository/Mobile - Login/android.widget.EditText (1)'

2023-08-13 12:23:48 - [MESSAGE][PASSED] - Text '' has been set to element 'Object Repository/Mobile - Login/android.widget.EditText (1)'

2023-08-13 12:23:48 - [TEST_STEP][PASSED] - tap(findTestObject("Object Repository/Mobile - Login/android.widget.TextView - Login"), 3): Tapped on element 'Object Repository/Mobile - Login/android.widget.TextView - Login'

2023-08-13 12:23:49 - [MESSAGE][PASSED] - Tapped on element 'Object Repository/Mobile - Login/android.widget.TextView - Login'

2023-08-13 12:23:49 - [TEST_STEP][PASSED] - getText(findTestObject("Mobile - Login/android.widget.TextView - Invalid Credential"), 3): Text of element 'Object Repository/Mobile - Login/android.widget.TextView - Invalid Credential' is: 'Invalid Credential'

2023-08-13 12:23:50 - [MESSAGE][PASSED] - Text of element 'Object Repository/Mobile - Login/android.widget.TextView - Invalid Credential' is: 'Invalid Credential'

2023-08-13 12:23:50 - [TEST_STEP][PASSED] - takeScreenshot(): Screenshot is taken

2023-08-13 12:23:51 - [MESSAGE][PASSED] - Screenshot is taken
[[ATTACHMENT|C:\\Users\\rizky\\git\\tim2_katalonfinalproject\\Reports\\20230813_122148\\Platform Mobile\\SM-LOGIN\\20230813_122148\\1691904230727.png]]

2023-08-13 12:23:51 - [TEST_STEP][PASSED] - closeApplication(): Close app successfully

2023-08-13 12:23:51 - [MESSAGE][PASSED] - Close app successfully]]></system-out>
         <system-err><![CDATA[]]></system-err>
      </testcase>
      <testcase name="Test Cases/Mobile/SM-Login/SM-LOG10" time="20.695" classname="Test Cases/Mobile/SM-Login/SM-LOG10" status="PASSED">
         <system-out><![CDATA[2023-08-13 12:23:51 - [TEST_CASE][PASSED] - Test Cases/Mobile/SM-Login/SM-LOG10: Test Cases/Mobile/SM-Login/SM-LOG10

2023-08-13 12:23:52 - [TEST_STEP][PASSED] - startApplication("C:\Users\rizky\Downloads\DemoAppV2.apk", true): Started app at: 'C:\Users\rizky\Downloads\DemoAppV2.apk'

2023-08-13 12:23:52 - [MESSAGE][INFO] - Detected NodeJS location: "C:\Program Files\nodejs\node.exe"

2023-08-13 12:23:53 - [MESSAGE][INFO] - Appium server started on port 52,609

2023-08-13 12:24:02 - [MESSAGE][PASSED] - Started app at: 'C:\Users\rizky\Downloads\DemoAppV2.apk'

2023-08-13 12:24:02 - [TEST_STEP][PASSED] - tap(findTestObject("Object Repository/Mobile - Login/android.widget.TextView - Login Here"), 3): Tapped on element 'Object Repository/Mobile - Login/android.widget.TextView - Login Here'

2023-08-13 12:24:05 - [MESSAGE][PASSED] - Tapped on element 'Object Repository/Mobile - Login/android.widget.TextView - Login Here'

2023-08-13 12:24:05 - [TEST_STEP][PASSED] - setText(findTestObject("Object Repository/Mobile - Login/android.widget.EditText"), "@gmail", 3): Text '@gmail' has been set to element 'Object Repository/Mobile - Login/android.widget.EditText'

2023-08-13 12:24:07 - [MESSAGE][PASSED] - Text '@gmail' has been set to element 'Object Repository/Mobile - Login/android.widget.EditText'

2023-08-13 12:24:07 - [TEST_STEP][PASSED] - setText(findTestObject("Object Repository/Mobile - Login/android.widget.EditText (1)"), "password", 3): Text 'password' has been set to element 'Object Repository/Mobile - Login/android.widget.EditText (1)'

2023-08-13 12:24:09 - [MESSAGE][PASSED] - Text 'password' has been set to element 'Object Repository/Mobile - Login/android.widget.EditText (1)'

2023-08-13 12:24:09 - [TEST_STEP][PASSED] - tap(findTestObject("Object Repository/Mobile - Login/android.widget.TextView - Login"), 3): Tapped on element 'Object Repository/Mobile - Login/android.widget.TextView - Login'

2023-08-13 12:24:10 - [MESSAGE][PASSED] - Tapped on element 'Object Repository/Mobile - Login/android.widget.TextView - Login'

2023-08-13 12:24:10 - [TEST_STEP][PASSED] - getText(findTestObject("Mobile - Login/android.widget.TextView - Invalid Credential"), 3): Text of element 'Object Repository/Mobile - Login/android.widget.TextView - Invalid Credential' is: 'Invalid Credential'

2023-08-13 12:24:11 - [MESSAGE][PASSED] - Text of element 'Object Repository/Mobile - Login/android.widget.TextView - Invalid Credential' is: 'Invalid Credential'

2023-08-13 12:24:11 - [TEST_STEP][PASSED] - takeScreenshot(): Screenshot is taken

2023-08-13 12:24:11 - [MESSAGE][PASSED] - Screenshot is taken
[[ATTACHMENT|C:\\Users\\rizky\\git\\tim2_katalonfinalproject\\Reports\\20230813_122148\\Platform Mobile\\SM-LOGIN\\20230813_122148\\1691904251462.png]]

2023-08-13 12:24:11 - [TEST_STEP][PASSED] - closeApplication(): Close app successfully

2023-08-13 12:24:12 - [MESSAGE][PASSED] - Close app successfully]]></system-out>
         <system-err><![CDATA[]]></system-err>
      </testcase>
      <testcase name="Test Cases/Mobile/SM-Login/SM-LOG11" time="19.55" classname="Test Cases/Mobile/SM-Login/SM-LOG11" status="PASSED">
         <system-out><![CDATA[2023-08-13 12:24:12 - [TEST_CASE][PASSED] - Test Cases/Mobile/SM-Login/SM-LOG11: Test Cases/Mobile/SM-Login/SM-LOG11

2023-08-13 12:24:12 - [TEST_STEP][PASSED] - startApplication("C:\Users\rizky\Downloads\DemoAppV2.apk", true): Started app at: 'C:\Users\rizky\Downloads\DemoAppV2.apk'

2023-08-13 12:24:12 - [MESSAGE][INFO] - Detected NodeJS location: "C:\Program Files\nodejs\node.exe"

2023-08-13 12:24:14 - [MESSAGE][INFO] - Appium server started on port 52,824

2023-08-13 12:24:23 - [MESSAGE][PASSED] - Started app at: 'C:\Users\rizky\Downloads\DemoAppV2.apk'

2023-08-13 12:24:23 - [TEST_STEP][PASSED] - tap(findTestObject("Object Repository/Mobile - Login/android.widget.TextView - Login Here"), 3): Tapped on element 'Object Repository/Mobile - Login/android.widget.TextView - Login Here'

2023-08-13 12:24:25 - [MESSAGE][PASSED] - Tapped on element 'Object Repository/Mobile - Login/android.widget.TextView - Login Here'

2023-08-13 12:24:25 - [TEST_STEP][PASSED] - setText(findTestObject("Object Repository/Mobile - Login/android.widget.EditText"), "isya.katalon@", 3): Text 'isya.katalon@' has been set to element 'Object Repository/Mobile - Login/android.widget.EditText'

2023-08-13 12:24:27 - [MESSAGE][PASSED] - Text 'isya.katalon@' has been set to element 'Object Repository/Mobile - Login/android.widget.EditText'

2023-08-13 12:24:27 - [TEST_STEP][PASSED] - setText(findTestObject("Object Repository/Mobile - Login/android.widget.EditText (1)"), "password", 3): Text 'password' has been set to element 'Object Repository/Mobile - Login/android.widget.EditText (1)'

2023-08-13 12:24:28 - [MESSAGE][PASSED] - Text 'password' has been set to element 'Object Repository/Mobile - Login/android.widget.EditText (1)'

2023-08-13 12:24:28 - [TEST_STEP][PASSED] - tap(findTestObject("Object Repository/Mobile - Login/android.widget.TextView - Login"), 3): Tapped on element 'Object Repository/Mobile - Login/android.widget.TextView - Login'

2023-08-13 12:24:30 - [MESSAGE][PASSED] - Tapped on element 'Object Repository/Mobile - Login/android.widget.TextView - Login'

2023-08-13 12:24:30 - [TEST_STEP][PASSED] - getText(findTestObject("Mobile - Login/android.widget.TextView - Invalid Credential"), 3): Text of element 'Object Repository/Mobile - Login/android.widget.TextView - Invalid Credential' is: 'Invalid Credential'

2023-08-13 12:24:31 - [MESSAGE][PASSED] - Text of element 'Object Repository/Mobile - Login/android.widget.TextView - Invalid Credential' is: 'Invalid Credential'

2023-08-13 12:24:31 - [TEST_STEP][PASSED] - takeScreenshot(): Screenshot is taken

2023-08-13 12:24:31 - [MESSAGE][PASSED] - Screenshot is taken
[[ATTACHMENT|C:\\Users\\rizky\\git\\tim2_katalonfinalproject\\Reports\\20230813_122148\\Platform Mobile\\SM-LOGIN\\20230813_122148\\1691904271089.png]]

2023-08-13 12:24:31 - [TEST_STEP][PASSED] - closeApplication(): Close app successfully

2023-08-13 12:24:32 - [MESSAGE][PASSED] - Close app successfully]]></system-out>
         <system-err><![CDATA[]]></system-err>
      </testcase>
      <testcase name="Test Cases/Mobile/SM-Login/SM-LOG12" time="19.361" classname="Test Cases/Mobile/SM-Login/SM-LOG12" status="PASSED">
         <system-out><![CDATA[2023-08-13 12:24:32 - [TEST_CASE][PASSED] - Test Cases/Mobile/SM-Login/SM-LOG12: Test Cases/Mobile/SM-Login/SM-LOG12

2023-08-13 12:24:32 - [TEST_STEP][PASSED] - startApplication("C:\Users\rizky\Downloads\DemoAppV2.apk", true): Started app at: 'C:\Users\rizky\Downloads\DemoAppV2.apk'

2023-08-13 12:24:32 - [MESSAGE][INFO] - Detected NodeJS location: "C:\Program Files\nodejs\node.exe"

2023-08-13 12:24:33 - [MESSAGE][INFO] - Appium server started on port 53,040

2023-08-13 12:24:42 - [MESSAGE][PASSED] - Started app at: 'C:\Users\rizky\Downloads\DemoAppV2.apk'

2023-08-13 12:24:42 - [TEST_STEP][PASSED] - tap(findTestObject("Object Repository/Mobile - Login/android.widget.TextView - Login Here"), 3): Tapped on element 'Object Repository/Mobile - Login/android.widget.TextView - Login Here'

2023-08-13 12:24:44 - [MESSAGE][PASSED] - Tapped on element 'Object Repository/Mobile - Login/android.widget.TextView - Login Here'

2023-08-13 12:24:44 - [TEST_STEP][PASSED] - setText(findTestObject("Object Repository/Mobile - Login/android.widget.EditText"), "isya.katalon@gmail@", 3): Text 'isya.katalon@gmail@' has been set to element 'Object Repository/Mobile - Login/android.widget.EditText'

2023-08-13 12:24:46 - [MESSAGE][PASSED] - Text 'isya.katalon@gmail@' has been set to element 'Object Repository/Mobile - Login/android.widget.EditText'

2023-08-13 12:24:46 - [TEST_STEP][PASSED] - setText(findTestObject("Object Repository/Mobile - Login/android.widget.EditText (1)"), "password", 3): Text 'password' has been set to element 'Object Repository/Mobile - Login/android.widget.EditText (1)'

2023-08-13 12:24:48 - [MESSAGE][PASSED] - Text 'password' has been set to element 'Object Repository/Mobile - Login/android.widget.EditText (1)'

2023-08-13 12:24:48 - [TEST_STEP][PASSED] - tap(findTestObject("Object Repository/Mobile - Login/android.widget.TextView - Login"), 3): Tapped on element 'Object Repository/Mobile - Login/android.widget.TextView - Login'

2023-08-13 12:24:49 - [MESSAGE][PASSED] - Tapped on element 'Object Repository/Mobile - Login/android.widget.TextView - Login'

2023-08-13 12:24:49 - [TEST_STEP][PASSED] - getText(findTestObject("Mobile - Login/android.widget.TextView - Invalid Credential"), 3): Text of element 'Object Repository/Mobile - Login/android.widget.TextView - Invalid Credential' is: 'Invalid Credential'

2023-08-13 12:24:50 - [MESSAGE][PASSED] - Text of element 'Object Repository/Mobile - Login/android.widget.TextView - Invalid Credential' is: 'Invalid Credential'

2023-08-13 12:24:50 - [TEST_STEP][PASSED] - takeScreenshot(): Screenshot is taken

2023-08-13 12:24:50 - [MESSAGE][PASSED] - Screenshot is taken
[[ATTACHMENT|C:\\Users\\rizky\\git\\tim2_katalonfinalproject\\Reports\\20230813_122148\\Platform Mobile\\SM-LOGIN\\20230813_122148\\1691904290326.png]]

2023-08-13 12:24:50 - [TEST_STEP][PASSED] - closeApplication(): Close app successfully

2023-08-13 12:24:51 - [MESSAGE][PASSED] - Close app successfully]]></system-out>
         <system-err><![CDATA[]]></system-err>
      </testcase>
      <system-out><![CDATA[2023-08-13 12:21:49 - [TEST_SUITE][PASSED] - SM-LOGIN: Test Cases/Mobile/SM-Login/SM-LOG12]]></system-out>
      <system-err><![CDATA[]]></system-err>
   </testsuite>
</testsuites>
