<?xml version="1.0" encoding="UTF-8"?>
<testsuites name="SW-LOGIN" time="41.581" tests="5" failures="0" errors="0">
   <testsuite name="SW-LOGIN" tests="5" failures="0" errors="0" time="41.581" skipped="0" timestamp="2023-08-08 20:20:55" hostname="rizky - rizkyisya" id="Test Suites/SW-LOGIN">
      <properties>
         <property name="deviceName" value=""/>
         <property name="devicePlatform" value=""/>
         <property name="logFolder" value="C:\\Users\\rizky\\git\\tim2_katalonfinalproject\\Reports\\20230808_202052\\SW-LOGIN\\20230808_202053"/>
         <property name="logFiles" value="C:\\Users\\rizky\\git\\tim2_katalonfinalproject\\Reports\\20230808_202052\\SW-LOGIN\\20230808_202053\\execution0.log"/>
         <property name="attachments" value="C:\\Users\\rizky\\git\\tim2_katalonfinalproject\\Reports\\20230808_202052\\SW-LOGIN\\20230808_202053\\1691500866955.png, C:\\Users\\rizky\\git\\tim2_katalonfinalproject\\Reports\\20230808_202052\\SW-LOGIN\\20230808_202053\\1691500874790.png, C:\\Users\\rizky\\git\\tim2_katalonfinalproject\\Reports\\20230808_202052\\SW-LOGIN\\20230808_202053\\1691500882105.png, C:\\Users\\rizky\\git\\tim2_katalonfinalproject\\Reports\\20230808_202052\\SW-LOGIN\\20230808_202053\\1691500889151.png, C:\\Users\\rizky\\git\\tim2_katalonfinalproject\\Reports\\20230808_202052\\SW-LOGIN\\20230808_202053\\1691500896102.png"/>
         <property name="hostName" value="rizky - rizkyisya"/>
         <property name="os" value="Windows 11 64bit"/>
         <property name="katalonVersion" value="8.6.5.208"/>
         <property name="browser" value="Chrome 115.0.0.0"/>
         <property name="hostAddress" value="192.168.1.7"/>
         <property name="sessionId" value="50948c13ba8f55d306d9508b7b6bcfc7"/>
         <property name="seleniumVersion" value="3.141.59"/>
         <property name="proxyInformation" value="ProxyInformation { proxyOption=NO_PROXY, proxyServerType=HTTP, username=, password=********, proxyServerAddress=, proxyServerPort=0, executionList=&quot;&quot;, isApplyToDesiredCapabilities=true }"/>
         <property name="platform" value="Windows 11"/>
      </properties>
      <testcase name="Test Cases/Website/SW02 Login/SW-LOG01" time="12.408" classname="Test Cases/Website/SW02 Login/SW-LOG01" status="PASSED">
         <system-out><![CDATA[2023-08-08 20:20:55 - [TEST_CASE][PASSED] - Test Cases/Website/SW02 Login/SW-LOG01: Test Cases/Website/SW02 Login/SW-LOG01

2023-08-08 20:20:55 - [TEST_STEP][PASSED] - openBrowser("https://demo-app.online/"): Browser is opened with url: 'https://demo-app.online/'

2023-08-08 20:20:55 - [MESSAGE][INFO] - Starting 'Chrome' driver

2023-08-08 20:20:55 - [MESSAGE][INFO] - Action delay is set to 0 milliseconds

2023-08-08 20:21:00 - [MESSAGE][PASSED] - Browser is opened with url: 'https://demo-app.online/'

2023-08-08 20:21:00 - [TEST_STEP][PASSED] - maximizeWindow(): Current window maximized

2023-08-08 20:21:00 - [MESSAGE][PASSED] - Current window maximized

2023-08-08 20:21:00 - [TEST_STEP][PASSED] - click(findTestObject("Object Repository/Web - Login/Page_Be a Profressional Talent with Coding.ID/a_Masuk")): Object: 'Object Repository/Web - Login/Page_Be a Profressional Talent with Coding.ID/a_Masuk' is clicked on

2023-08-08 20:21:01 - [MESSAGE][PASSED] - Object: 'Object Repository/Web - Login/Page_Be a Profressional Talent with Coding.ID/a_Masuk' is clicked on

2023-08-08 20:21:01 - [TEST_STEP][PASSED] - setText(findTestObject("Object Repository/Web - Login/Page_Masuk untuk dapatkan akses di Coding.ID/input_Email_email"), isya_katalon_email): Text 'isya.katalon@gmail.com' is set on object 'Object Repository/Web - Login/Page_Masuk untuk dapatkan akses di Coding.ID/input_Email_email'

2023-08-08 20:21:02 - [MESSAGE][PASSED] - Text 'isya.katalon@gmail.com' is set on object 'Object Repository/Web - Login/Page_Masuk untuk dapatkan akses di Coding.ID/input_Email_email'

2023-08-08 20:21:02 - [TEST_STEP][PASSED] - setText(findTestObject("Object Repository/Web - Login/Page_Masuk untuk dapatkan akses di Coding.ID/input_Kata                                 _98da12"), isya_katalon_password): Text 'password' is set on object 'Object Repository/Web - Login/Page_Masuk untuk dapatkan akses di Coding.ID/input_Kata                                 _98da12'

2023-08-08 20:21:03 - [MESSAGE][PASSED] - Text 'password' is set on object 'Object Repository/Web - Login/Page_Masuk untuk dapatkan akses di Coding.ID/input_Kata                                 _98da12'

2023-08-08 20:21:03 - [TEST_STEP][PASSED] - click(findTestObject("Object Repository/Web - Login/Page_Masuk untuk dapatkan akses di Coding.ID/button_Login")): Object: 'Object Repository/Web - Login/Page_Masuk untuk dapatkan akses di Coding.ID/button_Login' is clicked on

2023-08-08 20:21:05 - [MESSAGE][PASSED] - Object: 'Object Repository/Web - Login/Page_Masuk untuk dapatkan akses di Coding.ID/button_Login' is clicked on

2023-08-08 20:21:05 - [TEST_STEP][PASSED] - click(findTestObject("Object Repository/Web - Login/Page_Be a Profressional Talent with Coding.ID/i_Kontak_fas fa-user-alt")): Object: 'Object Repository/Web - Login/Page_Be a Profressional Talent with Coding.ID/i_Kontak_fas fa-user-alt' is clicked on

2023-08-08 20:21:06 - [MESSAGE][PASSED] - Object: 'Object Repository/Web - Login/Page_Be a Profressional Talent with Coding.ID/i_Kontak_fas fa-user-alt' is clicked on

2023-08-08 20:21:06 - [TEST_STEP][PASSED] - takeScreenshot(): Taking screenshot successfully

2023-08-08 20:21:07 - [MESSAGE][PASSED] - Taking screenshot successfully
[[ATTACHMENT|C:\\Users\\rizky\\git\\tim2_katalonfinalproject\\Reports\\20230808_202052\\SW-LOGIN\\20230808_202053\\1691500866955.png]]

2023-08-08 20:21:07 - [TEST_STEP][PASSED] - closeBrowser(): Browser is closed

2023-08-08 20:21:07 - [MESSAGE][PASSED] - Browser is closed]]></system-out>
         <system-err><![CDATA[]]></system-err>
      </testcase>
      <testcase name="Test Cases/Website/SW02 Login/SW-LOG03" time="7.629" classname="Test Cases/Website/SW02 Login/SW-LOG03" status="PASSED">
         <system-out><![CDATA[2023-08-08 20:21:07 - [TEST_CASE][PASSED] - Test Cases/Website/SW02 Login/SW-LOG03: Test Cases/Website/SW02 Login/SW-LOG03

2023-08-08 20:21:07 - [TEST_STEP][PASSED] - openBrowser("https://demo-app.online/"): Browser is opened with url: 'https://demo-app.online/'

2023-08-08 20:21:07 - [MESSAGE][INFO] - Starting 'Chrome' driver

2023-08-08 20:21:07 - [MESSAGE][INFO] - Action delay is set to 0 milliseconds

2023-08-08 20:21:10 - [MESSAGE][PASSED] - Browser is opened with url: 'https://demo-app.online/'

2023-08-08 20:21:10 - [TEST_STEP][PASSED] - maximizeWindow(): Current window maximized

2023-08-08 20:21:10 - [MESSAGE][PASSED] - Current window maximized

2023-08-08 20:21:10 - [TEST_STEP][PASSED] - click(findTestObject("Object Repository/Web - Login/Page_Be a Profressional Talent with Coding.ID/a_Masuk")): Object: 'Object Repository/Web - Login/Page_Be a Profressional Talent with Coding.ID/a_Masuk' is clicked on

2023-08-08 20:21:11 - [MESSAGE][PASSED] - Object: 'Object Repository/Web - Login/Page_Be a Profressional Talent with Coding.ID/a_Masuk' is clicked on

2023-08-08 20:21:11 - [TEST_STEP][PASSED] - setText(findTestObject("Object Repository/Web - Login/Page_Masuk untuk dapatkan akses di Coding.ID/input_Email_email"), "isya.katalon17@gmail.com"): Text 'isya.katalon17@gmail.com' is set on object 'Object Repository/Web - Login/Page_Masuk untuk dapatkan akses di Coding.ID/input_Email_email'

2023-08-08 20:21:12 - [MESSAGE][PASSED] - Text 'isya.katalon17@gmail.com' is set on object 'Object Repository/Web - Login/Page_Masuk untuk dapatkan akses di Coding.ID/input_Email_email'

2023-08-08 20:21:12 - [TEST_STEP][PASSED] - setText(findTestObject("Object Repository/Web - Login/Page_Masuk untuk dapatkan akses di Coding.ID/input_Kata                                 _98da12"), "password17"): Text 'password17' is set on object 'Object Repository/Web - Login/Page_Masuk untuk dapatkan akses di Coding.ID/input_Kata                                 _98da12'

2023-08-08 20:21:12 - [MESSAGE][PASSED] - Text 'password17' is set on object 'Object Repository/Web - Login/Page_Masuk untuk dapatkan akses di Coding.ID/input_Kata                                 _98da12'

2023-08-08 20:21:12 - [TEST_STEP][PASSED] - click(findTestObject("Object Repository/Web - Login/Page_Masuk untuk dapatkan akses di Coding.ID/button_Login")): Object: 'Object Repository/Web - Login/Page_Masuk untuk dapatkan akses di Coding.ID/button_Login' is clicked on

2023-08-08 20:21:13 - [MESSAGE][PASSED] - Object: 'Object Repository/Web - Login/Page_Masuk untuk dapatkan akses di Coding.ID/button_Login' is clicked on

2023-08-08 20:21:13 - [TEST_STEP][PASSED] - verifyElementText(findTestObject("Web - Login/Page_Masuk untuk dapatkan akses di Coding.ID/small_Email atau kata sandi salah"), "Email atau kata sandi salah"): Actual text and expected text of test object 'Object Repository/Web - Login/Page_Masuk untuk dapatkan akses di Coding.ID/small_Email atau kata sandi salah' are matched.

2023-08-08 20:21:14 - [MESSAGE][PASSED] - Actual text and expected text of test object 'Object Repository/Web - Login/Page_Masuk untuk dapatkan akses di Coding.ID/small_Email atau kata sandi salah' are matched.

2023-08-08 20:21:14 - [TEST_STEP][PASSED] - takeScreenshot(): Taking screenshot successfully

2023-08-08 20:21:14 - [MESSAGE][PASSED] - Taking screenshot successfully
[[ATTACHMENT|C:\\Users\\rizky\\git\\tim2_katalonfinalproject\\Reports\\20230808_202052\\SW-LOGIN\\20230808_202053\\1691500874790.png]]

2023-08-08 20:21:14 - [TEST_STEP][PASSED] - closeBrowser(): Browser is closed

2023-08-08 20:21:15 - [MESSAGE][PASSED] - Browser is closed]]></system-out>
         <system-err><![CDATA[]]></system-err>
      </testcase>
      <testcase name="Test Cases/Website/SW02 Login/SW-LOG04" time="7.38" classname="Test Cases/Website/SW02 Login/SW-LOG04" status="PASSED">
         <system-out><![CDATA[2023-08-08 20:21:15 - [TEST_CASE][PASSED] - Test Cases/Website/SW02 Login/SW-LOG04: Test Cases/Website/SW02 Login/SW-LOG04

2023-08-08 20:21:15 - [TEST_STEP][PASSED] - openBrowser("https://demo-app.online/"): Browser is opened with url: 'https://demo-app.online/'

2023-08-08 20:21:15 - [MESSAGE][INFO] - Starting 'Chrome' driver

2023-08-08 20:21:15 - [MESSAGE][INFO] - Action delay is set to 0 milliseconds

2023-08-08 20:21:18 - [MESSAGE][PASSED] - Browser is opened with url: 'https://demo-app.online/'

2023-08-08 20:21:18 - [TEST_STEP][PASSED] - maximizeWindow(): Current window maximized

2023-08-08 20:21:18 - [MESSAGE][PASSED] - Current window maximized

2023-08-08 20:21:18 - [TEST_STEP][PASSED] - click(findTestObject("Object Repository/Web - Login/Page_Be a Profressional Talent with Coding.ID/a_Masuk")): Object: 'Object Repository/Web - Login/Page_Be a Profressional Talent with Coding.ID/a_Masuk' is clicked on

2023-08-08 20:21:19 - [MESSAGE][PASSED] - Object: 'Object Repository/Web - Login/Page_Be a Profressional Talent with Coding.ID/a_Masuk' is clicked on

2023-08-08 20:21:19 - [TEST_STEP][PASSED] - setText(findTestObject("Object Repository/Web - Login/Page_Masuk untuk dapatkan akses di Coding.ID/input_Email_email"), "isya"): Text 'isya' is set on object 'Object Repository/Web - Login/Page_Masuk untuk dapatkan akses di Coding.ID/input_Email_email'

2023-08-08 20:21:20 - [MESSAGE][PASSED] - Text 'isya' is set on object 'Object Repository/Web - Login/Page_Masuk untuk dapatkan akses di Coding.ID/input_Email_email'

2023-08-08 20:21:20 - [TEST_STEP][PASSED] - setText(findTestObject("Web - Login/Page_Masuk untuk dapatkan akses di Coding.ID/input_Kata                                 _98da12"), "password"): Text 'password' is set on object 'Object Repository/Web - Login/Page_Masuk untuk dapatkan akses di Coding.ID/input_Kata                                 _98da12'

2023-08-08 20:21:21 - [MESSAGE][PASSED] - Text 'password' is set on object 'Object Repository/Web - Login/Page_Masuk untuk dapatkan akses di Coding.ID/input_Kata                                 _98da12'

2023-08-08 20:21:21 - [TEST_STEP][PASSED] - click(findTestObject("Object Repository/Web - Login/Page_Masuk untuk dapatkan akses di Coding.ID/button_Login")): Object: 'Object Repository/Web - Login/Page_Masuk untuk dapatkan akses di Coding.ID/button_Login' is clicked on

2023-08-08 20:21:21 - [MESSAGE][PASSED] - Object: 'Object Repository/Web - Login/Page_Masuk untuk dapatkan akses di Coding.ID/button_Login' is clicked on

2023-08-08 20:21:21 - [TEST_STEP][PASSED] - verifyMatch(getAttribute(findTestObject("Object Repository/Web - Login/Page_Masuk untuk dapatkan akses di Coding.ID/input_Email_email"), "validationMessage"), "Please include an '@' in the email address.*", true): Actual text 'Please include an '@' in the email address. 'isya' is missing an '@'.' and expected text 'Please include an '@' in the email address.*' are matched  using regular expression

2023-08-08 20:21:21 - [MESSAGE][PASSED] - Attribute 'validationMessage' of object 'Object Repository/Web - Login/Page_Masuk untuk dapatkan akses di Coding.ID/input_Email_email' is: 'Please include an '@' in the email address. 'isya' is missing an '@'.'

2023-08-08 20:21:21 - [MESSAGE][PASSED] - Actual text 'Please include an '@' in the email address. 'isya' is missing an '@'.' and expected text 'Please include an '@' in the email address.*' are matched  using regular expression

2023-08-08 20:21:21 - [TEST_STEP][PASSED] - takeScreenshot(): Taking screenshot successfully

2023-08-08 20:21:22 - [MESSAGE][PASSED] - Taking screenshot successfully
[[ATTACHMENT|C:\\Users\\rizky\\git\\tim2_katalonfinalproject\\Reports\\20230808_202052\\SW-LOGIN\\20230808_202053\\1691500882105.png]]

2023-08-08 20:21:22 - [TEST_STEP][PASSED] - closeBrowser(): Browser is closed

2023-08-08 20:21:22 - [MESSAGE][PASSED] - Browser is closed]]></system-out>
         <system-err><![CDATA[]]></system-err>
      </testcase>
      <testcase name="Test Cases/Website/SW02 Login/SW-LOG05" time="7.078" classname="Test Cases/Website/SW02 Login/SW-LOG05" status="PASSED">
         <system-out><![CDATA[2023-08-08 20:21:22 - [TEST_CASE][PASSED] - Test Cases/Website/SW02 Login/SW-LOG05: Test Cases/Website/SW02 Login/SW-LOG05

2023-08-08 20:21:22 - [TEST_STEP][PASSED] - openBrowser("https://demo-app.online/"): Browser is opened with url: 'https://demo-app.online/'

2023-08-08 20:21:22 - [MESSAGE][INFO] - Starting 'Chrome' driver

2023-08-08 20:21:22 - [MESSAGE][INFO] - Action delay is set to 0 milliseconds

2023-08-08 20:21:25 - [MESSAGE][PASSED] - Browser is opened with url: 'https://demo-app.online/'

2023-08-08 20:21:25 - [TEST_STEP][PASSED] - maximizeWindow(): Current window maximized

2023-08-08 20:21:25 - [MESSAGE][PASSED] - Current window maximized

2023-08-08 20:21:25 - [TEST_STEP][PASSED] - click(findTestObject("Object Repository/Web - Login/Page_Be a Profressional Talent with Coding.ID/a_Masuk")): Object: 'Object Repository/Web - Login/Page_Be a Profressional Talent with Coding.ID/a_Masuk' is clicked on

2023-08-08 20:21:26 - [MESSAGE][PASSED] - Object: 'Object Repository/Web - Login/Page_Be a Profressional Talent with Coding.ID/a_Masuk' is clicked on

2023-08-08 20:21:26 - [TEST_STEP][PASSED] - setText(findTestObject("Object Repository/Web - Login/Page_Masuk untuk dapatkan akses di Coding.ID/input_Email_email"), ""): Text '' is set on object 'Object Repository/Web - Login/Page_Masuk untuk dapatkan akses di Coding.ID/input_Email_email'

2023-08-08 20:21:27 - [MESSAGE][PASSED] - Text '' is set on object 'Object Repository/Web - Login/Page_Masuk untuk dapatkan akses di Coding.ID/input_Email_email'

2023-08-08 20:21:27 - [TEST_STEP][PASSED] - setText(findTestObject("Web - Login/Page_Masuk untuk dapatkan akses di Coding.ID/input_Kata                                 _98da12"), "password"): Text 'password' is set on object 'Object Repository/Web - Login/Page_Masuk untuk dapatkan akses di Coding.ID/input_Kata                                 _98da12'

2023-08-08 20:21:28 - [MESSAGE][PASSED] - Text 'password' is set on object 'Object Repository/Web - Login/Page_Masuk untuk dapatkan akses di Coding.ID/input_Kata                                 _98da12'

2023-08-08 20:21:28 - [TEST_STEP][PASSED] - click(findTestObject("Object Repository/Web - Login/Page_Masuk untuk dapatkan akses di Coding.ID/button_Login")): Object: 'Object Repository/Web - Login/Page_Masuk untuk dapatkan akses di Coding.ID/button_Login' is clicked on

2023-08-08 20:21:28 - [MESSAGE][PASSED] - Object: 'Object Repository/Web - Login/Page_Masuk untuk dapatkan akses di Coding.ID/button_Login' is clicked on

2023-08-08 20:21:28 - [TEST_STEP][PASSED] - verifyEqual(getAttribute(findTestObject("Object Repository/Web - Login/Page_Masuk untuk dapatkan akses di Coding.ID/input_Email_email"), "validationMessage"), "Please fill out this field."): Actual object 'Please fill out this field.' and expected object 'Please fill out this field.' are equal

2023-08-08 20:21:28 - [MESSAGE][PASSED] - Attribute 'validationMessage' of object 'Object Repository/Web - Login/Page_Masuk untuk dapatkan akses di Coding.ID/input_Email_email' is: 'Please fill out this field.'

2023-08-08 20:21:28 - [MESSAGE][PASSED] - Actual object 'Please fill out this field.' and expected object 'Please fill out this field.' are equal

2023-08-08 20:21:28 - [TEST_STEP][PASSED] - takeScreenshot(): Taking screenshot successfully

2023-08-08 20:21:29 - [MESSAGE][PASSED] - Taking screenshot successfully
[[ATTACHMENT|C:\\Users\\rizky\\git\\tim2_katalonfinalproject\\Reports\\20230808_202052\\SW-LOGIN\\20230808_202053\\1691500889151.png]]

2023-08-08 20:21:29 - [TEST_STEP][PASSED] - closeBrowser(): Browser is closed

2023-08-08 20:21:29 - [MESSAGE][PASSED] - Browser is closed]]></system-out>
         <system-err><![CDATA[]]></system-err>
      </testcase>
      <testcase name="Test Cases/Website/SW02 Login/SW-LOG06" time="6.926" classname="Test Cases/Website/SW02 Login/SW-LOG06" status="PASSED">
         <system-out><![CDATA[2023-08-08 20:21:29 - [TEST_CASE][PASSED] - Test Cases/Website/SW02 Login/SW-LOG06: Test Cases/Website/SW02 Login/SW-LOG06

2023-08-08 20:21:30 - [TEST_STEP][PASSED] - openBrowser("https://demo-app.online/"): Browser is opened with url: 'https://demo-app.online/'

2023-08-08 20:21:30 - [MESSAGE][INFO] - Starting 'Chrome' driver

2023-08-08 20:21:30 - [MESSAGE][INFO] - Action delay is set to 0 milliseconds

2023-08-08 20:21:32 - [MESSAGE][PASSED] - Browser is opened with url: 'https://demo-app.online/'

2023-08-08 20:21:32 - [TEST_STEP][PASSED] - maximizeWindow(): Current window maximized

2023-08-08 20:21:32 - [MESSAGE][PASSED] - Current window maximized

2023-08-08 20:21:32 - [TEST_STEP][PASSED] - click(findTestObject("Object Repository/Web - Login/Page_Be a Profressional Talent with Coding.ID/a_Masuk")): Object: 'Object Repository/Web - Login/Page_Be a Profressional Talent with Coding.ID/a_Masuk' is clicked on

2023-08-08 20:21:33 - [MESSAGE][PASSED] - Object: 'Object Repository/Web - Login/Page_Be a Profressional Talent with Coding.ID/a_Masuk' is clicked on

2023-08-08 20:21:33 - [TEST_STEP][PASSED] - setText(findTestObject("Object Repository/Web - Login/Page_Masuk untuk dapatkan akses di Coding.ID/input_Email_email"), "isya.katalon@gmail.com"): Text 'isya.katalon@gmail.com' is set on object 'Object Repository/Web - Login/Page_Masuk untuk dapatkan akses di Coding.ID/input_Email_email'

2023-08-08 20:21:34 - [MESSAGE][PASSED] - Text 'isya.katalon@gmail.com' is set on object 'Object Repository/Web - Login/Page_Masuk untuk dapatkan akses di Coding.ID/input_Email_email'

2023-08-08 20:21:34 - [TEST_STEP][PASSED] - setText(findTestObject("Web - Login/Page_Masuk untuk dapatkan akses di Coding.ID/input_Kata                                 _98da12"), ""): Text '' is set on object 'Object Repository/Web - Login/Page_Masuk untuk dapatkan akses di Coding.ID/input_Kata                                 _98da12'

2023-08-08 20:21:35 - [MESSAGE][PASSED] - Text '' is set on object 'Object Repository/Web - Login/Page_Masuk untuk dapatkan akses di Coding.ID/input_Kata                                 _98da12'

2023-08-08 20:21:35 - [TEST_STEP][PASSED] - click(findTestObject("Object Repository/Web - Login/Page_Masuk untuk dapatkan akses di Coding.ID/button_Login")): Object: 'Object Repository/Web - Login/Page_Masuk untuk dapatkan akses di Coding.ID/button_Login' is clicked on

2023-08-08 20:21:35 - [MESSAGE][PASSED] - Object: 'Object Repository/Web - Login/Page_Masuk untuk dapatkan akses di Coding.ID/button_Login' is clicked on

2023-08-08 20:21:35 - [TEST_STEP][PASSED] - verifyEqual(getAttribute(findTestObject("Web - Login/Page_Masuk untuk dapatkan akses di Coding.ID/input_Kata                                 _98da12"), "validationMessage"), "Please fill out this field."): Actual object 'Please fill out this field.' and expected object 'Please fill out this field.' are equal

2023-08-08 20:21:35 - [MESSAGE][PASSED] - Attribute 'validationMessage' of object 'Object Repository/Web - Login/Page_Masuk untuk dapatkan akses di Coding.ID/input_Kata                                 _98da12' is: 'Please fill out this field.'

2023-08-08 20:21:35 - [MESSAGE][PASSED] - Actual object 'Please fill out this field.' and expected object 'Please fill out this field.' are equal

2023-08-08 20:21:35 - [TEST_STEP][PASSED] - takeScreenshot(): Taking screenshot successfully

2023-08-08 20:21:36 - [MESSAGE][PASSED] - Taking screenshot successfully
[[ATTACHMENT|C:\\Users\\rizky\\git\\tim2_katalonfinalproject\\Reports\\20230808_202052\\SW-LOGIN\\20230808_202053\\1691500896102.png]]

2023-08-08 20:21:36 - [TEST_STEP][PASSED] - closeBrowser(): Browser is closed

2023-08-08 20:21:36 - [MESSAGE][PASSED] - Browser is closed]]></system-out>
         <system-err><![CDATA[]]></system-err>
      </testcase>
      <system-out><![CDATA[2023-08-08 20:20:55 - [TEST_SUITE][PASSED] - SW-LOGIN: Test Cases/Website/SW02 Login/SW-LOG06]]></system-out>
      <system-err><![CDATA[]]></system-err>
   </testsuite>
</testsuites>
