<?xml version="1.0" encoding="UTF-8"?>
<testsuites name="DDT SM-LOG Negative" time="147.565" tests="7" failures="0" errors="0">
   <testsuite name="DDT SM-LOG Negative" tests="7" failures="0" errors="0" time="147.565" skipped="0" timestamp="2023-08-15 22:16:21" hostname="rizky - rizkyisya" id="Test Suites/DDT SM-LOG Negative">
      <properties>
         <property name="deviceName" value="emulator-5556 (sdk_gphone64_x86_64 - Android 14)"/>
         <property name="devicePlatform" value=""/>
         <property name="logFolder" value="D:\\Bootcamp QA Coding.id\\Final Project\\GitLab FinalProject\\Reports\\20230815_221620\\DDT SM-LOG Negative\\20230815_221620"/>
         <property name="logFiles" value="D:\\Bootcamp QA Coding.id\\Final Project\\GitLab FinalProject\\Reports\\20230815_221620\\DDT SM-LOG Negative\\20230815_221620\\appium.log, D:\\Bootcamp QA Coding.id\\Final Project\\GitLab FinalProject\\Reports\\20230815_221620\\DDT SM-LOG Negative\\20230815_221620\\execution0.log"/>
         <property name="attachments" value="D:\\Bootcamp QA Coding.id\\Final Project\\GitLab FinalProject\\Reports\\20230815_221620\\DDT SM-LOG Negative\\20230815_221620\\1692112602269.png, D:\\Bootcamp QA Coding.id\\Final Project\\GitLab FinalProject\\Reports\\20230815_221620\\DDT SM-LOG Negative\\20230815_221620\\1692112624265.png, D:\\Bootcamp QA Coding.id\\Final Project\\GitLab FinalProject\\Reports\\20230815_221620\\DDT SM-LOG Negative\\20230815_221620\\1692112644492.png, D:\\Bootcamp QA Coding.id\\Final Project\\GitLab FinalProject\\Reports\\20230815_221620\\DDT SM-LOG Negative\\20230815_221620\\1692112665994.png, D:\\Bootcamp QA Coding.id\\Final Project\\GitLab FinalProject\\Reports\\20230815_221620\\DDT SM-LOG Negative\\20230815_221620\\1692112687175.png, D:\\Bootcamp QA Coding.id\\Final Project\\GitLab FinalProject\\Reports\\20230815_221620\\DDT SM-LOG Negative\\20230815_221620\\1692112707615.png, D:\\Bootcamp QA Coding.id\\Final Project\\GitLab FinalProject\\Reports\\20230815_221620\\DDT SM-LOG Negative\\20230815_221620\\1692112728030.png"/>
         <property name="hostName" value="rizky - rizkyisya"/>
         <property name="os" value="Windows 11 64bit"/>
         <property name="appiumServerStatus" value="{&quot;value&quot;:{&quot;build&quot;:{&quot;version&quot;:&quot;1.22.3&quot;}},&quot;sessionId&quot;:null,&quot;status&quot;:0}"/>
         <property name="katalonVersion" value="8.6.5.208"/>
         <property name="deviceOS" value="Android"/>
         <property name="appiumVersion" value="1.22.3"/>
         <property name="deviceModel" value="sdk_gphone64_x86_64"/>
         <property name="hostAddress" value="192.168.1.8"/>
         <property name="deviceManufacturer" value="Google"/>
         <property name="deviceId" value="emulator-5556"/>
         <property name="deviceName" value="emulator-5556 (sdk_gphone64_x86_64 - Android 14)"/>
         <property name="deviceOSVersion" value="14"/>
      </properties>
      <testcase name="Test Cases/Mobile/SM-Login/SM-LOG (DDT Negative)" time="21.854" classname="Test Cases/Mobile/SM-Login/SM-LOG (DDT Negative)" status="PASSED">
         <system-out><![CDATA[2023-08-15 22:16:21 - [TEST_CASE][PASSED] - Test Cases/Mobile/SM-Login/SM-LOG (DDT Negative): Test Cases/Mobile/SM-Login/SM-LOG (DDT Negative)

2023-08-15 22:16:21 - [TEST_STEP][PASSED] - startApplication("C:\Users\rizky\Downloads\DemoAppV2.apk", true): Started app at: 'C:\Users\rizky\Downloads\DemoAppV2.apk'

2023-08-15 22:16:22 - [MESSAGE][INFO] - Detected NodeJS location: "C:\Program Files\nodejs\node.exe"

2023-08-15 22:16:23 - [MESSAGE][INFO] - Appium server started on port 50,145

2023-08-15 22:16:34 - [MESSAGE][PASSED] - Started app at: 'C:\Users\rizky\Downloads\DemoAppV2.apk'

2023-08-15 22:16:34 - [TEST_STEP][PASSED] - tap(findTestObject("Object Repository/Mobile - Login/android.widget.TextView - Login Here"), 3): Tapped on element 'Object Repository/Mobile - Login/android.widget.TextView - Login Here'

2023-08-15 22:16:36 - [MESSAGE][PASSED] - Tapped on element 'Object Repository/Mobile - Login/android.widget.TextView - Login Here'

2023-08-15 22:16:36 - [TEST_STEP][PASSED] - setText(findTestObject("Object Repository/Mobile - Login/android.widget.EditText"), var_email, 3): Text 'isya.katalon17@gmail.com' has been set to element 'Object Repository/Mobile - Login/android.widget.EditText'

2023-08-15 22:16:38 - [MESSAGE][PASSED] - Text 'isya.katalon17@gmail.com' has been set to element 'Object Repository/Mobile - Login/android.widget.EditText'

2023-08-15 22:16:38 - [TEST_STEP][PASSED] - setText(findTestObject("Object Repository/Mobile - Login/android.widget.EditText (1)"), var_password, 3): Text 'password17' has been set to element 'Object Repository/Mobile - Login/android.widget.EditText (1)'

2023-08-15 22:16:40 - [MESSAGE][PASSED] - Text 'password17' has been set to element 'Object Repository/Mobile - Login/android.widget.EditText (1)'

2023-08-15 22:16:40 - [TEST_STEP][PASSED] - tap(findTestObject("Object Repository/Mobile - Login/android.widget.TextView - Login"), 3): Tapped on element 'Object Repository/Mobile - Login/android.widget.TextView - Login'

2023-08-15 22:16:41 - [MESSAGE][PASSED] - Tapped on element 'Object Repository/Mobile - Login/android.widget.TextView - Login'

2023-08-15 22:16:41 - [TEST_STEP][PASSED] - getText(findTestObject("Mobile - Login/android.widget.TextView - Invalid Credential"), 3): Text of element 'Object Repository/Mobile - Login/android.widget.TextView - Invalid Credential' is: 'Invalid Credential'

2023-08-15 22:16:42 - [MESSAGE][PASSED] - Text of element 'Object Repository/Mobile - Login/android.widget.TextView - Invalid Credential' is: 'Invalid Credential'

2023-08-15 22:16:42 - [TEST_STEP][PASSED] - takeScreenshot(): Screenshot is taken

2023-08-15 22:16:42 - [MESSAGE][PASSED] - Screenshot is taken
[[ATTACHMENT|D:\\Bootcamp QA Coding.id\\Final Project\\GitLab FinalProject\\Reports\\20230815_221620\\DDT SM-LOG Negative\\20230815_221620\\1692112602269.png]]

2023-08-15 22:16:42 - [TEST_STEP][PASSED] - closeApplication(): Close app successfully

2023-08-15 22:16:43 - [MESSAGE][PASSED] - Close app successfully]]></system-out>
         <system-err><![CDATA[]]></system-err>
      </testcase>
      <testcase name="Test Cases/Mobile/SM-Login/SM-LOG (DDT Negative)" time="21.827" classname="Test Cases/Mobile/SM-Login/SM-LOG (DDT Negative)" status="PASSED">
         <system-out><![CDATA[2023-08-15 22:16:43 - [TEST_CASE][PASSED] - Test Cases/Mobile/SM-Login/SM-LOG (DDT Negative): Test Cases/Mobile/SM-Login/SM-LOG (DDT Negative)

2023-08-15 22:16:43 - [TEST_STEP][PASSED] - startApplication("C:\Users\rizky\Downloads\DemoAppV2.apk", true): Started app at: 'C:\Users\rizky\Downloads\DemoAppV2.apk'

2023-08-15 22:16:43 - [MESSAGE][INFO] - Detected NodeJS location: "C:\Program Files\nodejs\node.exe"

2023-08-15 22:16:44 - [MESSAGE][INFO] - Appium server started on port 50,376

2023-08-15 22:16:55 - [MESSAGE][PASSED] - Started app at: 'C:\Users\rizky\Downloads\DemoAppV2.apk'

2023-08-15 22:16:55 - [TEST_STEP][PASSED] - tap(findTestObject("Object Repository/Mobile - Login/android.widget.TextView - Login Here"), 3): Tapped on element 'Object Repository/Mobile - Login/android.widget.TextView - Login Here'

2023-08-15 22:16:58 - [MESSAGE][PASSED] - Tapped on element 'Object Repository/Mobile - Login/android.widget.TextView - Login Here'

2023-08-15 22:16:58 - [TEST_STEP][PASSED] - setText(findTestObject("Object Repository/Mobile - Login/android.widget.EditText"), var_email, 3): Text 'isya.katalon' has been set to element 'Object Repository/Mobile - Login/android.widget.EditText'

2023-08-15 22:17:00 - [MESSAGE][PASSED] - Text 'isya.katalon' has been set to element 'Object Repository/Mobile - Login/android.widget.EditText'

2023-08-15 22:17:00 - [TEST_STEP][PASSED] - setText(findTestObject("Object Repository/Mobile - Login/android.widget.EditText (1)"), var_password, 3): Text 'password' has been set to element 'Object Repository/Mobile - Login/android.widget.EditText (1)'

2023-08-15 22:17:01 - [MESSAGE][PASSED] - Text 'password' has been set to element 'Object Repository/Mobile - Login/android.widget.EditText (1)'

2023-08-15 22:17:01 - [TEST_STEP][PASSED] - tap(findTestObject("Object Repository/Mobile - Login/android.widget.TextView - Login"), 3): Tapped on element 'Object Repository/Mobile - Login/android.widget.TextView - Login'

2023-08-15 22:17:03 - [MESSAGE][PASSED] - Tapped on element 'Object Repository/Mobile - Login/android.widget.TextView - Login'

2023-08-15 22:17:03 - [TEST_STEP][PASSED] - getText(findTestObject("Mobile - Login/android.widget.TextView - Invalid Credential"), 3): Text of element 'Object Repository/Mobile - Login/android.widget.TextView - Invalid Credential' is: 'Invalid Credential'

2023-08-15 22:17:04 - [MESSAGE][PASSED] - Text of element 'Object Repository/Mobile - Login/android.widget.TextView - Invalid Credential' is: 'Invalid Credential'

2023-08-15 22:17:04 - [TEST_STEP][PASSED] - takeScreenshot(): Screenshot is taken

2023-08-15 22:17:04 - [MESSAGE][PASSED] - Screenshot is taken
[[ATTACHMENT|D:\\Bootcamp QA Coding.id\\Final Project\\GitLab FinalProject\\Reports\\20230815_221620\\DDT SM-LOG Negative\\20230815_221620\\1692112624265.png]]

2023-08-15 22:17:04 - [TEST_STEP][PASSED] - closeApplication(): Close app successfully

2023-08-15 22:17:05 - [MESSAGE][PASSED] - Close app successfully]]></system-out>
         <system-err><![CDATA[]]></system-err>
      </testcase>
      <testcase name="Test Cases/Mobile/SM-Login/SM-LOG (DDT Negative)" time="20.403" classname="Test Cases/Mobile/SM-Login/SM-LOG (DDT Negative)" status="PASSED">
         <system-out><![CDATA[2023-08-15 22:17:05 - [TEST_CASE][PASSED] - Test Cases/Mobile/SM-Login/SM-LOG (DDT Negative): Test Cases/Mobile/SM-Login/SM-LOG (DDT Negative)

2023-08-15 22:17:05 - [TEST_STEP][PASSED] - startApplication("C:\Users\rizky\Downloads\DemoAppV2.apk", true): Started app at: 'C:\Users\rizky\Downloads\DemoAppV2.apk'

2023-08-15 22:17:05 - [MESSAGE][INFO] - Detected NodeJS location: "C:\Program Files\nodejs\node.exe"

2023-08-15 22:17:06 - [MESSAGE][INFO] - Appium server started on port 50,602

2023-08-15 22:17:16 - [MESSAGE][PASSED] - Started app at: 'C:\Users\rizky\Downloads\DemoAppV2.apk'

2023-08-15 22:17:16 - [TEST_STEP][PASSED] - tap(findTestObject("Object Repository/Mobile - Login/android.widget.TextView - Login Here"), 3): Tapped on element 'Object Repository/Mobile - Login/android.widget.TextView - Login Here'

2023-08-15 22:17:19 - [MESSAGE][PASSED] - Tapped on element 'Object Repository/Mobile - Login/android.widget.TextView - Login Here'

2023-08-15 22:17:19 - [TEST_STEP][PASSED] - setText(findTestObject("Object Repository/Mobile - Login/android.widget.EditText"), var_email, 3): Text '' has been set to element 'Object Repository/Mobile - Login/android.widget.EditText'

2023-08-15 22:17:21 - [MESSAGE][PASSED] - Text '' has been set to element 'Object Repository/Mobile - Login/android.widget.EditText'

2023-08-15 22:17:21 - [TEST_STEP][PASSED] - setText(findTestObject("Object Repository/Mobile - Login/android.widget.EditText (1)"), var_password, 3): Text 'password' has been set to element 'Object Repository/Mobile - Login/android.widget.EditText (1)'

2023-08-15 22:17:22 - [MESSAGE][PASSED] - Text 'password' has been set to element 'Object Repository/Mobile - Login/android.widget.EditText (1)'

2023-08-15 22:17:22 - [TEST_STEP][PASSED] - tap(findTestObject("Object Repository/Mobile - Login/android.widget.TextView - Login"), 3): Tapped on element 'Object Repository/Mobile - Login/android.widget.TextView - Login'

2023-08-15 22:17:23 - [MESSAGE][PASSED] - Tapped on element 'Object Repository/Mobile - Login/android.widget.TextView - Login'

2023-08-15 22:17:23 - [TEST_STEP][PASSED] - getText(findTestObject("Mobile - Login/android.widget.TextView - Invalid Credential"), 3): Text of element 'Object Repository/Mobile - Login/android.widget.TextView - Invalid Credential' is: 'Invalid Credential'

2023-08-15 22:17:24 - [MESSAGE][PASSED] - Text of element 'Object Repository/Mobile - Login/android.widget.TextView - Invalid Credential' is: 'Invalid Credential'

2023-08-15 22:17:24 - [TEST_STEP][PASSED] - takeScreenshot(): Screenshot is taken

2023-08-15 22:17:24 - [MESSAGE][PASSED] - Screenshot is taken
[[ATTACHMENT|D:\\Bootcamp QA Coding.id\\Final Project\\GitLab FinalProject\\Reports\\20230815_221620\\DDT SM-LOG Negative\\20230815_221620\\1692112644492.png]]

2023-08-15 22:17:24 - [TEST_STEP][PASSED] - closeApplication(): Close app successfully

2023-08-15 22:17:25 - [MESSAGE][PASSED] - Close app successfully]]></system-out>
         <system-err><![CDATA[]]></system-err>
      </testcase>
      <testcase name="Test Cases/Mobile/SM-Login/SM-LOG (DDT Negative)" time="21.33" classname="Test Cases/Mobile/SM-Login/SM-LOG (DDT Negative)" status="PASSED">
         <system-out><![CDATA[2023-08-15 22:17:25 - [TEST_CASE][PASSED] - Test Cases/Mobile/SM-Login/SM-LOG (DDT Negative): Test Cases/Mobile/SM-Login/SM-LOG (DDT Negative)

2023-08-15 22:17:25 - [TEST_STEP][PASSED] - startApplication("C:\Users\rizky\Downloads\DemoAppV2.apk", true): Started app at: 'C:\Users\rizky\Downloads\DemoAppV2.apk'

2023-08-15 22:17:25 - [MESSAGE][INFO] - Detected NodeJS location: "C:\Program Files\nodejs\node.exe"

2023-08-15 22:17:26 - [MESSAGE][INFO] - Appium server started on port 50,832

2023-08-15 22:17:37 - [MESSAGE][PASSED] - Started app at: 'C:\Users\rizky\Downloads\DemoAppV2.apk'

2023-08-15 22:17:37 - [TEST_STEP][PASSED] - tap(findTestObject("Object Repository/Mobile - Login/android.widget.TextView - Login Here"), 3): Tapped on element 'Object Repository/Mobile - Login/android.widget.TextView - Login Here'

2023-08-15 22:17:40 - [MESSAGE][PASSED] - Tapped on element 'Object Repository/Mobile - Login/android.widget.TextView - Login Here'

2023-08-15 22:17:40 - [TEST_STEP][PASSED] - setText(findTestObject("Object Repository/Mobile - Login/android.widget.EditText"), var_email, 3): Text 'isya.katalon@gmail.com' has been set to element 'Object Repository/Mobile - Login/android.widget.EditText'

2023-08-15 22:17:42 - [MESSAGE][PASSED] - Text 'isya.katalon@gmail.com' has been set to element 'Object Repository/Mobile - Login/android.widget.EditText'

2023-08-15 22:17:42 - [TEST_STEP][PASSED] - setText(findTestObject("Object Repository/Mobile - Login/android.widget.EditText (1)"), var_password, 3): Text '' has been set to element 'Object Repository/Mobile - Login/android.widget.EditText (1)'

2023-08-15 22:17:43 - [MESSAGE][PASSED] - Text '' has been set to element 'Object Repository/Mobile - Login/android.widget.EditText (1)'

2023-08-15 22:17:43 - [TEST_STEP][PASSED] - tap(findTestObject("Object Repository/Mobile - Login/android.widget.TextView - Login"), 3): Tapped on element 'Object Repository/Mobile - Login/android.widget.TextView - Login'

2023-08-15 22:17:44 - [MESSAGE][PASSED] - Tapped on element 'Object Repository/Mobile - Login/android.widget.TextView - Login'

2023-08-15 22:17:44 - [TEST_STEP][PASSED] - getText(findTestObject("Mobile - Login/android.widget.TextView - Invalid Credential"), 3): Text of element 'Object Repository/Mobile - Login/android.widget.TextView - Invalid Credential' is: 'Invalid Credential'

2023-08-15 22:17:45 - [MESSAGE][PASSED] - Text of element 'Object Repository/Mobile - Login/android.widget.TextView - Invalid Credential' is: 'Invalid Credential'

2023-08-15 22:17:45 - [TEST_STEP][PASSED] - takeScreenshot(): Screenshot is taken

2023-08-15 22:17:46 - [MESSAGE][PASSED] - Screenshot is taken
[[ATTACHMENT|D:\\Bootcamp QA Coding.id\\Final Project\\GitLab FinalProject\\Reports\\20230815_221620\\DDT SM-LOG Negative\\20230815_221620\\1692112665994.png]]

2023-08-15 22:17:46 - [TEST_STEP][PASSED] - closeApplication(): Close app successfully

2023-08-15 22:17:47 - [MESSAGE][PASSED] - Close app successfully]]></system-out>
         <system-err><![CDATA[]]></system-err>
      </testcase>
      <testcase name="Test Cases/Mobile/SM-Login/SM-LOG (DDT Negative)" time="21.058" classname="Test Cases/Mobile/SM-Login/SM-LOG (DDT Negative)" status="PASSED">
         <system-out><![CDATA[2023-08-15 22:17:47 - [TEST_CASE][PASSED] - Test Cases/Mobile/SM-Login/SM-LOG (DDT Negative): Test Cases/Mobile/SM-Login/SM-LOG (DDT Negative)

2023-08-15 22:17:47 - [TEST_STEP][PASSED] - startApplication("C:\Users\rizky\Downloads\DemoAppV2.apk", true): Started app at: 'C:\Users\rizky\Downloads\DemoAppV2.apk'

2023-08-15 22:17:47 - [MESSAGE][INFO] - Detected NodeJS location: "C:\Program Files\nodejs\node.exe"

2023-08-15 22:17:48 - [MESSAGE][INFO] - Appium server started on port 51,060

2023-08-15 22:17:58 - [MESSAGE][PASSED] - Started app at: 'C:\Users\rizky\Downloads\DemoAppV2.apk'

2023-08-15 22:17:58 - [TEST_STEP][PASSED] - tap(findTestObject("Object Repository/Mobile - Login/android.widget.TextView - Login Here"), 3): Tapped on element 'Object Repository/Mobile - Login/android.widget.TextView - Login Here'

2023-08-15 22:18:01 - [MESSAGE][PASSED] - Tapped on element 'Object Repository/Mobile - Login/android.widget.TextView - Login Here'

2023-08-15 22:18:01 - [TEST_STEP][PASSED] - setText(findTestObject("Object Repository/Mobile - Login/android.widget.EditText"), var_email, 3): Text '@gmail' has been set to element 'Object Repository/Mobile - Login/android.widget.EditText'

2023-08-15 22:18:03 - [MESSAGE][PASSED] - Text '@gmail' has been set to element 'Object Repository/Mobile - Login/android.widget.EditText'

2023-08-15 22:18:03 - [TEST_STEP][PASSED] - setText(findTestObject("Object Repository/Mobile - Login/android.widget.EditText (1)"), var_password, 3): Text 'password' has been set to element 'Object Repository/Mobile - Login/android.widget.EditText (1)'

2023-08-15 22:18:04 - [MESSAGE][PASSED] - Text 'password' has been set to element 'Object Repository/Mobile - Login/android.widget.EditText (1)'

2023-08-15 22:18:04 - [TEST_STEP][PASSED] - tap(findTestObject("Object Repository/Mobile - Login/android.widget.TextView - Login"), 3): Tapped on element 'Object Repository/Mobile - Login/android.widget.TextView - Login'

2023-08-15 22:18:06 - [MESSAGE][PASSED] - Tapped on element 'Object Repository/Mobile - Login/android.widget.TextView - Login'

2023-08-15 22:18:06 - [TEST_STEP][PASSED] - getText(findTestObject("Mobile - Login/android.widget.TextView - Invalid Credential"), 3): Text of element 'Object Repository/Mobile - Login/android.widget.TextView - Invalid Credential' is: 'Invalid Credential'

2023-08-15 22:18:07 - [MESSAGE][PASSED] - Text of element 'Object Repository/Mobile - Login/android.widget.TextView - Invalid Credential' is: 'Invalid Credential'

2023-08-15 22:18:07 - [TEST_STEP][PASSED] - takeScreenshot(): Screenshot is taken

2023-08-15 22:18:07 - [MESSAGE][PASSED] - Screenshot is taken
[[ATTACHMENT|D:\\Bootcamp QA Coding.id\\Final Project\\GitLab FinalProject\\Reports\\20230815_221620\\DDT SM-LOG Negative\\20230815_221620\\1692112687175.png]]

2023-08-15 22:18:07 - [TEST_STEP][PASSED] - closeApplication(): Close app successfully

2023-08-15 22:18:08 - [MESSAGE][PASSED] - Close app successfully]]></system-out>
         <system-err><![CDATA[]]></system-err>
      </testcase>
      <testcase name="Test Cases/Mobile/SM-Login/SM-LOG (DDT Negative)" time="20.471" classname="Test Cases/Mobile/SM-Login/SM-LOG (DDT Negative)" status="PASSED">
         <system-out><![CDATA[2023-08-15 22:18:08 - [TEST_CASE][PASSED] - Test Cases/Mobile/SM-Login/SM-LOG (DDT Negative): Test Cases/Mobile/SM-Login/SM-LOG (DDT Negative)

2023-08-15 22:18:08 - [TEST_STEP][PASSED] - startApplication("C:\Users\rizky\Downloads\DemoAppV2.apk", true): Started app at: 'C:\Users\rizky\Downloads\DemoAppV2.apk'

2023-08-15 22:18:08 - [MESSAGE][INFO] - Detected NodeJS location: "C:\Program Files\nodejs\node.exe"

2023-08-15 22:18:09 - [MESSAGE][INFO] - Appium server started on port 51,290

2023-08-15 22:18:19 - [MESSAGE][PASSED] - Started app at: 'C:\Users\rizky\Downloads\DemoAppV2.apk'

2023-08-15 22:18:19 - [TEST_STEP][PASSED] - tap(findTestObject("Object Repository/Mobile - Login/android.widget.TextView - Login Here"), 3): Tapped on element 'Object Repository/Mobile - Login/android.widget.TextView - Login Here'

2023-08-15 22:18:22 - [MESSAGE][PASSED] - Tapped on element 'Object Repository/Mobile - Login/android.widget.TextView - Login Here'

2023-08-15 22:18:22 - [TEST_STEP][PASSED] - setText(findTestObject("Object Repository/Mobile - Login/android.widget.EditText"), var_email, 3): Text 'isya.katalon@' has been set to element 'Object Repository/Mobile - Login/android.widget.EditText'

2023-08-15 22:18:23 - [MESSAGE][PASSED] - Text 'isya.katalon@' has been set to element 'Object Repository/Mobile - Login/android.widget.EditText'

2023-08-15 22:18:23 - [TEST_STEP][PASSED] - setText(findTestObject("Object Repository/Mobile - Login/android.widget.EditText (1)"), var_password, 3): Text 'password' has been set to element 'Object Repository/Mobile - Login/android.widget.EditText (1)'

2023-08-15 22:18:25 - [MESSAGE][PASSED] - Text 'password' has been set to element 'Object Repository/Mobile - Login/android.widget.EditText (1)'

2023-08-15 22:18:25 - [TEST_STEP][PASSED] - tap(findTestObject("Object Repository/Mobile - Login/android.widget.TextView - Login"), 3): Tapped on element 'Object Repository/Mobile - Login/android.widget.TextView - Login'

2023-08-15 22:18:26 - [MESSAGE][PASSED] - Tapped on element 'Object Repository/Mobile - Login/android.widget.TextView - Login'

2023-08-15 22:18:26 - [TEST_STEP][PASSED] - getText(findTestObject("Mobile - Login/android.widget.TextView - Invalid Credential"), 3): Text of element 'Object Repository/Mobile - Login/android.widget.TextView - Invalid Credential' is: 'Invalid Credential'

2023-08-15 22:18:27 - [MESSAGE][PASSED] - Text of element 'Object Repository/Mobile - Login/android.widget.TextView - Invalid Credential' is: 'Invalid Credential'

2023-08-15 22:18:27 - [TEST_STEP][PASSED] - takeScreenshot(): Screenshot is taken

2023-08-15 22:18:27 - [MESSAGE][PASSED] - Screenshot is taken
[[ATTACHMENT|D:\\Bootcamp QA Coding.id\\Final Project\\GitLab FinalProject\\Reports\\20230815_221620\\DDT SM-LOG Negative\\20230815_221620\\1692112707615.png]]

2023-08-15 22:18:27 - [TEST_STEP][PASSED] - closeApplication(): Close app successfully

2023-08-15 22:18:28 - [MESSAGE][PASSED] - Close app successfully]]></system-out>
         <system-err><![CDATA[]]></system-err>
      </testcase>
      <testcase name="Test Cases/Mobile/SM-Login/SM-LOG (DDT Negative)" time="20.318" classname="Test Cases/Mobile/SM-Login/SM-LOG (DDT Negative)" status="PASSED">
         <system-out><![CDATA[2023-08-15 22:18:28 - [TEST_CASE][PASSED] - Test Cases/Mobile/SM-Login/SM-LOG (DDT Negative): Test Cases/Mobile/SM-Login/SM-LOG (DDT Negative)

2023-08-15 22:18:28 - [TEST_STEP][PASSED] - startApplication("C:\Users\rizky\Downloads\DemoAppV2.apk", true): Started app at: 'C:\Users\rizky\Downloads\DemoAppV2.apk'

2023-08-15 22:18:28 - [MESSAGE][INFO] - Detected NodeJS location: "C:\Program Files\nodejs\node.exe"

2023-08-15 22:18:29 - [MESSAGE][INFO] - Appium server started on port 51,517

2023-08-15 22:18:40 - [MESSAGE][PASSED] - Started app at: 'C:\Users\rizky\Downloads\DemoAppV2.apk'

2023-08-15 22:18:40 - [TEST_STEP][PASSED] - tap(findTestObject("Object Repository/Mobile - Login/android.widget.TextView - Login Here"), 3): Tapped on element 'Object Repository/Mobile - Login/android.widget.TextView - Login Here'

2023-08-15 22:18:42 - [MESSAGE][PASSED] - Tapped on element 'Object Repository/Mobile - Login/android.widget.TextView - Login Here'

2023-08-15 22:18:42 - [TEST_STEP][PASSED] - setText(findTestObject("Object Repository/Mobile - Login/android.widget.EditText"), var_email, 3): Text 'isya.katalon@gmail@' has been set to element 'Object Repository/Mobile - Login/android.widget.EditText'

2023-08-15 22:18:44 - [MESSAGE][PASSED] - Text 'isya.katalon@gmail@' has been set to element 'Object Repository/Mobile - Login/android.widget.EditText'

2023-08-15 22:18:44 - [TEST_STEP][PASSED] - setText(findTestObject("Object Repository/Mobile - Login/android.widget.EditText (1)"), var_password, 3): Text 'password' has been set to element 'Object Repository/Mobile - Login/android.widget.EditText (1)'

2023-08-15 22:18:45 - [MESSAGE][PASSED] - Text 'password' has been set to element 'Object Repository/Mobile - Login/android.widget.EditText (1)'

2023-08-15 22:18:45 - [TEST_STEP][PASSED] - tap(findTestObject("Object Repository/Mobile - Login/android.widget.TextView - Login"), 3): Tapped on element 'Object Repository/Mobile - Login/android.widget.TextView - Login'

2023-08-15 22:18:47 - [MESSAGE][PASSED] - Tapped on element 'Object Repository/Mobile - Login/android.widget.TextView - Login'

2023-08-15 22:18:47 - [TEST_STEP][PASSED] - getText(findTestObject("Mobile - Login/android.widget.TextView - Invalid Credential"), 3): Text of element 'Object Repository/Mobile - Login/android.widget.TextView - Invalid Credential' is: 'Invalid Credential'

2023-08-15 22:18:48 - [MESSAGE][PASSED] - Text of element 'Object Repository/Mobile - Login/android.widget.TextView - Invalid Credential' is: 'Invalid Credential'

2023-08-15 22:18:48 - [TEST_STEP][PASSED] - takeScreenshot(): Screenshot is taken

2023-08-15 22:18:48 - [MESSAGE][PASSED] - Screenshot is taken
[[ATTACHMENT|D:\\Bootcamp QA Coding.id\\Final Project\\GitLab FinalProject\\Reports\\20230815_221620\\DDT SM-LOG Negative\\20230815_221620\\1692112728030.png]]

2023-08-15 22:18:48 - [TEST_STEP][PASSED] - closeApplication(): Close app successfully

2023-08-15 22:18:49 - [MESSAGE][PASSED] - Close app successfully]]></system-out>
         <system-err><![CDATA[]]></system-err>
      </testcase>
      <system-out><![CDATA[2023-08-15 22:16:21 - [TEST_SUITE][PASSED] - DDT SM-LOG Negative: Test Cases/Mobile/SM-Login/SM-LOG (DDT Negative)]]></system-out>
      <system-err><![CDATA[]]></system-err>
   </testsuite>
</testsuites>
