<?xml version="1.0" encoding="UTF-8"?>
<testsuites name="SM-LOGIN" time="106.968" tests="5" failures="0" errors="0">
   <testsuite name="SM-LOGIN" tests="5" failures="0" errors="0" time="106.968" skipped="0" timestamp="2023-08-10 07:41:54" hostname="rizky - rizkyisya" id="Test Suites/SM-LOGIN">
      <properties>
         <property name="deviceName" value="emulator-5554 (sdk_gphone64_x86_64 - Android 14)"/>
         <property name="devicePlatform" value=""/>
         <property name="logFolder" value="C:\\Users\\rizky\\git\\tim2_katalonfinalproject\\Reports\\20230810_074153\\SM-LOGIN\\20230810_074153"/>
         <property name="logFiles" value="C:\\Users\\rizky\\git\\tim2_katalonfinalproject\\Reports\\20230810_074153\\SM-LOGIN\\20230810_074153\\appium.log, C:\\Users\\rizky\\git\\tim2_katalonfinalproject\\Reports\\20230810_074153\\SM-LOGIN\\20230810_074153\\execution0.log"/>
         <property name="attachments" value="C:\\Users\\rizky\\git\\tim2_katalonfinalproject\\Reports\\20230810_074153\\SM-LOGIN\\20230810_074153\\1691628139930.png, C:\\Users\\rizky\\git\\tim2_katalonfinalproject\\Reports\\20230810_074153\\SM-LOGIN\\20230810_074153\\1691628160905.png, C:\\Users\\rizky\\git\\tim2_katalonfinalproject\\Reports\\20230810_074153\\SM-LOGIN\\20230810_074153\\1691628181203.png, C:\\Users\\rizky\\git\\tim2_katalonfinalproject\\Reports\\20230810_074153\\SM-LOGIN\\20230810_074153\\1691628200679.png, C:\\Users\\rizky\\git\\tim2_katalonfinalproject\\Reports\\20230810_074153\\SM-LOGIN\\20230810_074153\\1691628220722.png"/>
         <property name="hostName" value="rizky - rizkyisya"/>
         <property name="os" value="Windows 11 64bit"/>
         <property name="appiumServerStatus" value="{&quot;value&quot;:{&quot;build&quot;:{&quot;version&quot;:&quot;1.22.3&quot;}},&quot;sessionId&quot;:null,&quot;status&quot;:0}"/>
         <property name="katalonVersion" value="8.6.5.208"/>
         <property name="deviceOS" value="Android"/>
         <property name="appiumVersion" value="1.22.3"/>
         <property name="deviceModel" value="sdk_gphone64_x86_64"/>
         <property name="hostAddress" value="192.168.1.7"/>
         <property name="deviceManufacturer" value="Google"/>
         <property name="deviceId" value="emulator-5554"/>
         <property name="deviceName" value="emulator-5554 (sdk_gphone64_x86_64 - Android 14)"/>
         <property name="deviceOSVersion" value="14"/>
      </properties>
      <testcase name="Test Cases/Mobile/SM-LOG01" time="26.154" classname="Test Cases/Mobile/SM-LOG01" status="PASSED">
         <system-out><![CDATA[2023-08-10 07:41:55 - [TEST_CASE][PASSED] - Test Cases/Mobile/SM-LOG01: Test Cases/Mobile/SM-LOG01

2023-08-10 07:41:55 - [TEST_STEP][PASSED] - startApplication("C:\Users\rizky\Downloads\DemoAppV2.apk", true): Started app at: 'C:\Users\rizky\Downloads\DemoAppV2.apk'

2023-08-10 07:41:55 - [MESSAGE][INFO] - Detected NodeJS location: "C:\Program Files\nodejs\node.exe"

2023-08-10 07:41:56 - [MESSAGE][INFO] - Appium server started on port 52,149

2023-08-10 07:42:08 - [MESSAGE][PASSED] - Started app at: 'C:\Users\rizky\Downloads\DemoAppV2.apk'

2023-08-10 07:42:08 - [TEST_STEP][PASSED] - tap(findTestObject("Object Repository/Mobile - Login/android.widget.TextView - Login Here"), 3): Tapped on element 'Object Repository/Mobile - Login/android.widget.TextView - Login Here'

2023-08-10 07:42:11 - [MESSAGE][PASSED] - Tapped on element 'Object Repository/Mobile - Login/android.widget.TextView - Login Here'

2023-08-10 07:42:11 - [TEST_STEP][PASSED] - setText(findTestObject("Object Repository/Mobile - Login/android.widget.EditText"), "isya.katalon@gmail.com", 3): Text 'isya.katalon@gmail.com' has been set to element 'Object Repository/Mobile - Login/android.widget.EditText'

2023-08-10 07:42:12 - [MESSAGE][PASSED] - Text 'isya.katalon@gmail.com' has been set to element 'Object Repository/Mobile - Login/android.widget.EditText'

2023-08-10 07:42:12 - [TEST_STEP][PASSED] - setText(findTestObject("Object Repository/Mobile - Login/android.widget.EditText (1)"), "password", 3): Text 'password' has been set to element 'Object Repository/Mobile - Login/android.widget.EditText (1)'

2023-08-10 07:42:14 - [MESSAGE][PASSED] - Text 'password' has been set to element 'Object Repository/Mobile - Login/android.widget.EditText (1)'

2023-08-10 07:42:14 - [TEST_STEP][PASSED] - tap(findTestObject("Object Repository/Mobile - Login/android.widget.TextView - Login"), 3): Tapped on element 'Object Repository/Mobile - Login/android.widget.TextView - Login'

2023-08-10 07:42:15 - [MESSAGE][PASSED] - Tapped on element 'Object Repository/Mobile - Login/android.widget.TextView - Login'

2023-08-10 07:42:15 - [TEST_STEP][PASSED] - tap(findTestObject("Object Repository/Mobile - Login/android.widget.TextView - Profile"), 3): Tapped on element 'Object Repository/Mobile - Login/android.widget.TextView - Profile'

2023-08-10 07:42:18 - [MESSAGE][PASSED] - Tapped on element 'Object Repository/Mobile - Login/android.widget.TextView - Profile'

2023-08-10 07:42:18 - [TEST_STEP][PASSED] - getText(findTestObject("Object Repository/Mobile - Login/android.widget.TextView - isya.katalongmail.com"), 3): Text of element 'Object Repository/Mobile - Login/android.widget.TextView - isya.katalongmail.com' is: 'isya.katalon@gmail.com'

2023-08-10 07:42:19 - [MESSAGE][PASSED] - Text of element 'Object Repository/Mobile - Login/android.widget.TextView - isya.katalongmail.com' is: 'isya.katalon@gmail.com'

2023-08-10 07:42:19 - [TEST_STEP][PASSED] - takeScreenshot(): Screenshot is taken

2023-08-10 07:42:20 - [MESSAGE][PASSED] - Screenshot is taken
[[ATTACHMENT|C:\\Users\\rizky\\git\\tim2_katalonfinalproject\\Reports\\20230810_074153\\SM-LOGIN\\20230810_074153\\1691628139930.png]]

2023-08-10 07:42:20 - [TEST_STEP][PASSED] - closeApplication(): Close app successfully

2023-08-10 07:42:21 - [MESSAGE][PASSED] - Close app successfully]]></system-out>
         <system-err><![CDATA[]]></system-err>
      </testcase>
      <testcase name="Test Cases/Mobile/SM-LOG03" time="20.888" classname="Test Cases/Mobile/SM-LOG03" status="PASSED">
         <system-out><![CDATA[2023-08-10 07:42:21 - [TEST_CASE][PASSED] - Test Cases/Mobile/SM-LOG03: Test Cases/Mobile/SM-LOG03

2023-08-10 07:42:21 - [TEST_STEP][PASSED] - startApplication("C:\Users\rizky\Downloads\DemoAppV2.apk", true): Started app at: 'C:\Users\rizky\Downloads\DemoAppV2.apk'

2023-08-10 07:42:21 - [MESSAGE][INFO] - Detected NodeJS location: "C:\Program Files\nodejs\node.exe"

2023-08-10 07:42:22 - [MESSAGE][INFO] - Appium server started on port 52,379

2023-08-10 07:42:32 - [MESSAGE][PASSED] - Started app at: 'C:\Users\rizky\Downloads\DemoAppV2.apk'

2023-08-10 07:42:32 - [TEST_STEP][PASSED] - tap(findTestObject("Object Repository/Mobile - Login/android.widget.TextView - Login Here"), 3): Tapped on element 'Object Repository/Mobile - Login/android.widget.TextView - Login Here'

2023-08-10 07:42:35 - [MESSAGE][PASSED] - Tapped on element 'Object Repository/Mobile - Login/android.widget.TextView - Login Here'

2023-08-10 07:42:35 - [TEST_STEP][PASSED] - setText(findTestObject("Object Repository/Mobile - Login/android.widget.EditText"), "isya.katalon17@gmail.com", 3): Text 'isya.katalon17@gmail.com' has been set to element 'Object Repository/Mobile - Login/android.widget.EditText'

2023-08-10 07:42:37 - [MESSAGE][PASSED] - Text 'isya.katalon17@gmail.com' has been set to element 'Object Repository/Mobile - Login/android.widget.EditText'

2023-08-10 07:42:37 - [TEST_STEP][PASSED] - setText(findTestObject("Object Repository/Mobile - Login/android.widget.EditText (1)"), "password17", 3): Text 'password17' has been set to element 'Object Repository/Mobile - Login/android.widget.EditText (1)'

2023-08-10 07:42:38 - [MESSAGE][PASSED] - Text 'password17' has been set to element 'Object Repository/Mobile - Login/android.widget.EditText (1)'

2023-08-10 07:42:38 - [TEST_STEP][PASSED] - tap(findTestObject("Object Repository/Mobile - Login/android.widget.TextView - Login"), 3): Tapped on element 'Object Repository/Mobile - Login/android.widget.TextView - Login'

2023-08-10 07:42:39 - [MESSAGE][PASSED] - Tapped on element 'Object Repository/Mobile - Login/android.widget.TextView - Login'

2023-08-10 07:42:39 - [TEST_STEP][PASSED] - getText(findTestObject("Mobile - Login/android.widget.TextView - Invalid Credential"), 3): Text of element 'Object Repository/Mobile - Login/android.widget.TextView - Invalid Credential' is: 'Invalid Credential'

2023-08-10 07:42:40 - [MESSAGE][PASSED] - Text of element 'Object Repository/Mobile - Login/android.widget.TextView - Invalid Credential' is: 'Invalid Credential'

2023-08-10 07:42:40 - [TEST_STEP][PASSED] - takeScreenshot(): Screenshot is taken

2023-08-10 07:42:41 - [MESSAGE][PASSED] - Screenshot is taken
[[ATTACHMENT|C:\\Users\\rizky\\git\\tim2_katalonfinalproject\\Reports\\20230810_074153\\SM-LOGIN\\20230810_074153\\1691628160905.png]]

2023-08-10 07:42:41 - [TEST_STEP][PASSED] - closeApplication(): Close app successfully

2023-08-10 07:42:42 - [MESSAGE][PASSED] - Close app successfully]]></system-out>
         <system-err><![CDATA[]]></system-err>
      </testcase>
      <testcase name="Test Cases/Mobile/SM-LOG04" time="20.336" classname="Test Cases/Mobile/SM-LOG04" status="PASSED">
         <system-out><![CDATA[2023-08-10 07:42:42 - [TEST_CASE][PASSED] - Test Cases/Mobile/SM-LOG04: Test Cases/Mobile/SM-LOG04

2023-08-10 07:42:42 - [TEST_STEP][PASSED] - startApplication("C:\Users\rizky\Downloads\DemoAppV2.apk", true): Started app at: 'C:\Users\rizky\Downloads\DemoAppV2.apk'

2023-08-10 07:42:42 - [MESSAGE][INFO] - Detected NodeJS location: "C:\Program Files\nodejs\node.exe"

2023-08-10 07:42:43 - [MESSAGE][INFO] - Appium server started on port 52,602

2023-08-10 07:42:52 - [MESSAGE][PASSED] - Started app at: 'C:\Users\rizky\Downloads\DemoAppV2.apk'

2023-08-10 07:42:52 - [TEST_STEP][PASSED] - tap(findTestObject("Object Repository/Mobile - Login/android.widget.TextView - Login Here"), 3): Tapped on element 'Object Repository/Mobile - Login/android.widget.TextView - Login Here'

2023-08-10 07:42:55 - [MESSAGE][PASSED] - Tapped on element 'Object Repository/Mobile - Login/android.widget.TextView - Login Here'

2023-08-10 07:42:55 - [TEST_STEP][PASSED] - setText(findTestObject("Object Repository/Mobile - Login/android.widget.EditText"), "isya.katalon", 3): Text 'isya.katalon' has been set to element 'Object Repository/Mobile - Login/android.widget.EditText'

2023-08-10 07:42:57 - [MESSAGE][PASSED] - Text 'isya.katalon' has been set to element 'Object Repository/Mobile - Login/android.widget.EditText'

2023-08-10 07:42:57 - [TEST_STEP][PASSED] - setText(findTestObject("Object Repository/Mobile - Login/android.widget.EditText (1)"), "password", 3): Text 'password' has been set to element 'Object Repository/Mobile - Login/android.widget.EditText (1)'

2023-08-10 07:42:58 - [MESSAGE][PASSED] - Text 'password' has been set to element 'Object Repository/Mobile - Login/android.widget.EditText (1)'

2023-08-10 07:42:58 - [TEST_STEP][PASSED] - tap(findTestObject("Object Repository/Mobile - Login/android.widget.TextView - Login"), 3): Tapped on element 'Object Repository/Mobile - Login/android.widget.TextView - Login'

2023-08-10 07:43:00 - [MESSAGE][PASSED] - Tapped on element 'Object Repository/Mobile - Login/android.widget.TextView - Login'

2023-08-10 07:43:00 - [TEST_STEP][PASSED] - getText(findTestObject("Mobile - Login/android.widget.TextView - Invalid Credential"), 3): Text of element 'Object Repository/Mobile - Login/android.widget.TextView - Invalid Credential' is: 'Invalid Credential'

2023-08-10 07:43:01 - [MESSAGE][PASSED] - Text of element 'Object Repository/Mobile - Login/android.widget.TextView - Invalid Credential' is: 'Invalid Credential'

2023-08-10 07:43:01 - [TEST_STEP][PASSED] - takeScreenshot(): Screenshot is taken

2023-08-10 07:43:01 - [MESSAGE][PASSED] - Screenshot is taken
[[ATTACHMENT|C:\\Users\\rizky\\git\\tim2_katalonfinalproject\\Reports\\20230810_074153\\SM-LOGIN\\20230810_074153\\1691628181203.png]]

2023-08-10 07:43:01 - [TEST_STEP][PASSED] - closeApplication(): Close app successfully

2023-08-10 07:43:02 - [MESSAGE][PASSED] - Close app successfully]]></system-out>
         <system-err><![CDATA[]]></system-err>
      </testcase>
      <testcase name="Test Cases/Mobile/SM-LOG05" time="19.224" classname="Test Cases/Mobile/SM-LOG05" status="PASSED">
         <system-out><![CDATA[2023-08-10 07:43:02 - [TEST_CASE][PASSED] - Test Cases/Mobile/SM-LOG05: Test Cases/Mobile/SM-LOG05

2023-08-10 07:43:02 - [TEST_STEP][PASSED] - startApplication("C:\Users\rizky\Downloads\DemoAppV2.apk", true): Started app at: 'C:\Users\rizky\Downloads\DemoAppV2.apk'

2023-08-10 07:43:02 - [MESSAGE][INFO] - Detected NodeJS location: "C:\Program Files\nodejs\node.exe"

2023-08-10 07:43:03 - [MESSAGE][INFO] - Appium server started on port 52,818

2023-08-10 07:43:12 - [MESSAGE][PASSED] - Started app at: 'C:\Users\rizky\Downloads\DemoAppV2.apk'

2023-08-10 07:43:12 - [TEST_STEP][PASSED] - tap(findTestObject("Object Repository/Mobile - Login/android.widget.TextView - Login Here"), 3): Tapped on element 'Object Repository/Mobile - Login/android.widget.TextView - Login Here'

2023-08-10 07:43:15 - [MESSAGE][PASSED] - Tapped on element 'Object Repository/Mobile - Login/android.widget.TextView - Login Here'

2023-08-10 07:43:15 - [TEST_STEP][PASSED] - setText(findTestObject("Object Repository/Mobile - Login/android.widget.EditText"), "", 3): Text '' has been set to element 'Object Repository/Mobile - Login/android.widget.EditText'

2023-08-10 07:43:17 - [MESSAGE][PASSED] - Text '' has been set to element 'Object Repository/Mobile - Login/android.widget.EditText'

2023-08-10 07:43:17 - [TEST_STEP][PASSED] - setText(findTestObject("Object Repository/Mobile - Login/android.widget.EditText (1)"), "password", 3): Text 'password' has been set to element 'Object Repository/Mobile - Login/android.widget.EditText (1)'

2023-08-10 07:43:18 - [MESSAGE][PASSED] - Text 'password' has been set to element 'Object Repository/Mobile - Login/android.widget.EditText (1)'

2023-08-10 07:43:18 - [TEST_STEP][PASSED] - tap(findTestObject("Object Repository/Mobile - Login/android.widget.TextView - Login"), 3): Tapped on element 'Object Repository/Mobile - Login/android.widget.TextView - Login'

2023-08-10 07:43:19 - [MESSAGE][PASSED] - Tapped on element 'Object Repository/Mobile - Login/android.widget.TextView - Login'

2023-08-10 07:43:19 - [TEST_STEP][PASSED] - getText(findTestObject("Mobile - Login/android.widget.TextView - Invalid Credential"), 3): Text of element 'Object Repository/Mobile - Login/android.widget.TextView - Invalid Credential' is: 'Invalid Credential'

2023-08-10 07:43:20 - [MESSAGE][PASSED] - Text of element 'Object Repository/Mobile - Login/android.widget.TextView - Invalid Credential' is: 'Invalid Credential'

2023-08-10 07:43:20 - [TEST_STEP][PASSED] - takeScreenshot(): Screenshot is taken

2023-08-10 07:43:21 - [MESSAGE][PASSED] - Screenshot is taken
[[ATTACHMENT|C:\\Users\\rizky\\git\\tim2_katalonfinalproject\\Reports\\20230810_074153\\SM-LOGIN\\20230810_074153\\1691628200679.png]]

2023-08-10 07:43:21 - [TEST_STEP][PASSED] - closeApplication(): Close app successfully

2023-08-10 07:43:21 - [MESSAGE][PASSED] - Close app successfully]]></system-out>
         <system-err><![CDATA[]]></system-err>
      </testcase>
      <testcase name="Test Cases/Mobile/SM-LOG06" time="20.222" classname="Test Cases/Mobile/SM-LOG06" status="PASSED">
         <system-out><![CDATA[2023-08-10 07:43:21 - [TEST_CASE][PASSED] - Test Cases/Mobile/SM-LOG06: Test Cases/Mobile/SM-LOG06

2023-08-10 07:43:21 - [TEST_STEP][PASSED] - startApplication("C:\Users\rizky\Downloads\DemoAppV2.apk", true): Started app at: 'C:\Users\rizky\Downloads\DemoAppV2.apk'

2023-08-10 07:43:21 - [MESSAGE][INFO] - Detected NodeJS location: "C:\Program Files\nodejs\node.exe"

2023-08-10 07:43:23 - [MESSAGE][INFO] - Appium server started on port 53,034

2023-08-10 07:43:32 - [MESSAGE][PASSED] - Started app at: 'C:\Users\rizky\Downloads\DemoAppV2.apk'

2023-08-10 07:43:32 - [TEST_STEP][PASSED] - tap(findTestObject("Object Repository/Mobile - Login/android.widget.TextView - Login Here"), 3): Tapped on element 'Object Repository/Mobile - Login/android.widget.TextView - Login Here'

2023-08-10 07:43:34 - [MESSAGE][PASSED] - Tapped on element 'Object Repository/Mobile - Login/android.widget.TextView - Login Here'

2023-08-10 07:43:34 - [TEST_STEP][PASSED] - setText(findTestObject("Object Repository/Mobile - Login/android.widget.EditText"), "isya.katalon@gmail.com", 3): Text 'isya.katalon@gmail.com' has been set to element 'Object Repository/Mobile - Login/android.widget.EditText'

2023-08-10 07:43:37 - [MESSAGE][PASSED] - Text 'isya.katalon@gmail.com' has been set to element 'Object Repository/Mobile - Login/android.widget.EditText'

2023-08-10 07:43:37 - [TEST_STEP][PASSED] - setText(findTestObject("Object Repository/Mobile - Login/android.widget.EditText (1)"), "", 3): Text '' has been set to element 'Object Repository/Mobile - Login/android.widget.EditText (1)'

2023-08-10 07:43:38 - [MESSAGE][PASSED] - Text '' has been set to element 'Object Repository/Mobile - Login/android.widget.EditText (1)'

2023-08-10 07:43:38 - [TEST_STEP][PASSED] - tap(findTestObject("Object Repository/Mobile - Login/android.widget.TextView - Login"), 3): Tapped on element 'Object Repository/Mobile - Login/android.widget.TextView - Login'

2023-08-10 07:43:39 - [MESSAGE][PASSED] - Tapped on element 'Object Repository/Mobile - Login/android.widget.TextView - Login'

2023-08-10 07:43:39 - [TEST_STEP][PASSED] - getText(findTestObject("Mobile - Login/android.widget.TextView - Invalid Credential"), 3): Text of element 'Object Repository/Mobile - Login/android.widget.TextView - Invalid Credential' is: 'Invalid Credential'

2023-08-10 07:43:40 - [MESSAGE][PASSED] - Text of element 'Object Repository/Mobile - Login/android.widget.TextView - Invalid Credential' is: 'Invalid Credential'

2023-08-10 07:43:40 - [TEST_STEP][PASSED] - takeScreenshot(): Screenshot is taken

2023-08-10 07:43:41 - [MESSAGE][PASSED] - Screenshot is taken
[[ATTACHMENT|C:\\Users\\rizky\\git\\tim2_katalonfinalproject\\Reports\\20230810_074153\\SM-LOGIN\\20230810_074153\\1691628220722.png]]

2023-08-10 07:43:41 - [TEST_STEP][PASSED] - closeApplication(): Close app successfully

2023-08-10 07:43:41 - [MESSAGE][PASSED] - Close app successfully]]></system-out>
         <system-err><![CDATA[]]></system-err>
      </testcase>
      <system-out><![CDATA[2023-08-10 07:41:54 - [TEST_SUITE][PASSED] - SM-LOGIN: Test Cases/Mobile/SM-LOG06]]></system-out>
      <system-err><![CDATA[]]></system-err>
   </testsuite>
</testsuites>
